{"D:\\Self Taught\\JavaScript\\js-syntax-extension\\src\\Checks\\CheckForThisInConstructor.js": {"path":"D:\\Self Taught\\JavaScript\\js-syntax-extension\\src\\Checks\\CheckForThisInConstructor.js","statementMap":{"0":{"start":{"line":1,"column":20},"end":{"line":1,"column":52}},"1":{"start":{"line":2,"column":19},"end":{"line":2,"column":50}},"2":{"start":{"line":8,"column":34},"end":{"line":35,"column":1}},"3":{"start":{"line":14,"column":29},"end":{"line":14,"column":90}},"4":{"start":{"line":17,"column":25},"end":{"line":17,"column":39}},"5":{"start":{"line":18,"column":23},"end":{"line":18,"column":35}},"6":{"start":{"line":20,"column":4},"end":{"line":30,"column":5}},"7":{"start":{"line":21,"column":6},"end":{"line":21,"column":70}},"8":{"start":{"line":22,"column":6},"end":{"line":29,"column":25}},"9":{"start":{"line":32,"column":4},"end":{"line":32,"column":34}},"10":{"start":{"line":33,"column":4},"end":{"line":33,"column":30}},"11":{"start":{"line":37,"column":0},"end":{"line":37,"column":43}}},"fnMap":{"0":{"name":"(anonymous_0)","decl":{"start":{"line":13,"column":2},"end":{"line":13,"column":3}},"loc":{"start":{"line":13,"column":26},"end":{"line":34,"column":3}},"line":13}},"branchMap":{},"s":{"0":2,"1":2,"2":2,"3":1,"4":1,"5":1,"6":1,"7":0,"8":0,"9":1,"10":1,"11":2},"f":{"0":1},"b":{},"_coverageSchema":"1a1c01bbd47fc00a2c39e90264f33305004495a9","hash":"44311876576f7976af5007e1439e3e80b99d8ced"}
,"D:\\Self Taught\\JavaScript\\js-syntax-extension\\src\\Checks\\KeywordOrderCheck.js": {"path":"D:\\Self Taught\\JavaScript\\js-syntax-extension\\src\\Checks\\KeywordOrderCheck.js","statementMap":{"0":{"start":{"line":1,"column":20},"end":{"line":1,"column":52}},"1":{"start":{"line":2,"column":19},"end":{"line":2,"column":50}},"2":{"start":{"line":8,"column":26},"end":{"line":40,"column":1}},"3":{"start":{"line":14,"column":24},"end":{"line":14,"column":44}},"4":{"start":{"line":15,"column":4},"end":{"line":17,"column":5}},"5":{"start":{"line":16,"column":6},"end":{"line":16,"column":106}},"6":{"start":{"line":19,"column":24},"end":{"line":19,"column":41}},"7":{"start":{"line":20,"column":4},"end":{"line":22,"column":5}},"8":{"start":{"line":21,"column":6},"end":{"line":21,"column":89}},"9":{"start":{"line":24,"column":24},"end":{"line":24,"column":41}},"10":{"start":{"line":25,"column":4},"end":{"line":27,"column":5}},"11":{"start":{"line":26,"column":6},"end":{"line":26,"column":89}},"12":{"start":{"line":31,"column":4},"end":{"line":38,"column":42}},"13":{"start":{"line":42,"column":0},"end":{"line":42,"column":35}}},"fnMap":{"0":{"name":"(anonymous_0)","decl":{"start":{"line":13,"column":2},"end":{"line":13,"column":3}},"loc":{"start":{"line":13,"column":20},"end":{"line":28,"column":3}},"line":13},"1":{"name":"(anonymous_1)","decl":{"start":{"line":30,"column":2},"end":{"line":30,"column":3}},"loc":{"start":{"line":30,"column":22},"end":{"line":39,"column":3}},"line":30}},"branchMap":{"0":{"loc":{"start":{"line":15,"column":4},"end":{"line":17,"column":5}},"type":"if","locations":[{"start":{"line":15,"column":4},"end":{"line":17,"column":5}},{"start":{"line":15,"column":4},"end":{"line":17,"column":5}}],"line":15},"1":{"loc":{"start":{"line":20,"column":4},"end":{"line":22,"column":5}},"type":"if","locations":[{"start":{"line":20,"column":4},"end":{"line":22,"column":5}},{"start":{"line":20,"column":4},"end":{"line":22,"column":5}}],"line":20},"2":{"loc":{"start":{"line":25,"column":4},"end":{"line":27,"column":5}},"type":"if","locations":[{"start":{"line":25,"column":4},"end":{"line":27,"column":5}},{"start":{"line":25,"column":4},"end":{"line":27,"column":5}}],"line":25},"3":{"loc":{"start":{"line":38,"column":17},"end":{"line":38,"column":40}},"type":"binary-expr","locations":[{"start":{"line":38,"column":17},"end":{"line":38,"column":32}},{"start":{"line":38,"column":36},"end":{"line":38,"column":40}}],"line":38}},"s":{"0":2,"1":2,"2":2,"3":0,"4":0,"5":0,"6":0,"7":0,"8":0,"9":0,"10":0,"11":0,"12":0,"13":2},"f":{"0":0,"1":0},"b":{"0":[0,0],"1":[0,0],"2":[0,0],"3":[0,0]},"_coverageSchema":"1a1c01bbd47fc00a2c39e90264f33305004495a9","hash":"53cf1996dffe9bc251b5903e6a7c9b0c19e9250c"}
,"D:\\Self Taught\\JavaScript\\js-syntax-extension\\src\\Checks\\StaticAccessorCheck.js": {"path":"D:\\Self Taught\\JavaScript\\js-syntax-extension\\src\\Checks\\StaticAccessorCheck.js","statementMap":{"0":{"start":{"line":1,"column":20},"end":{"line":1,"column":52}},"1":{"start":{"line":2,"column":19},"end":{"line":2,"column":50}},"2":{"start":{"line":9,"column":28},"end":{"line":37,"column":1}},"3":{"start":{"line":15,"column":4},"end":{"line":17,"column":5}},"4":{"start":{"line":16,"column":6},"end":{"line":16,"column":13}},"5":{"start":{"line":19,"column":28},"end":{"line":22,"column":6}},"6":{"start":{"line":20,"column":22},"end":{"line":20,"column":65}},"7":{"start":{"line":21,"column":6},"end":{"line":21,"column":27}},"8":{"start":{"line":24,"column":24},"end":{"line":24,"column":87}},"9":{"start":{"line":26,"column":4},"end":{"line":35,"column":5}},"10":{"start":{"line":27,"column":6},"end":{"line":34,"column":44}},"11":{"start":{"line":39,"column":0},"end":{"line":39,"column":37}}},"fnMap":{"0":{"name":"(anonymous_0)","decl":{"start":{"line":14,"column":2},"end":{"line":14,"column":3}},"loc":{"start":{"line":14,"column":26},"end":{"line":36,"column":3}},"line":14},"1":{"name":"(anonymous_1)","decl":{"start":{"line":19,"column":56},"end":{"line":19,"column":57}},"loc":{"start":{"line":19,"column":78},"end":{"line":22,"column":5}},"line":19}},"branchMap":{"0":{"loc":{"start":{"line":15,"column":4},"end":{"line":17,"column":5}},"type":"if","locations":[{"start":{"line":15,"column":4},"end":{"line":17,"column":5}},{"start":{"line":15,"column":4},"end":{"line":17,"column":5}}],"line":15},"1":{"loc":{"start":{"line":20,"column":22},"end":{"line":20,"column":65}},"type":"cond-expr","locations":[{"start":{"line":20,"column":43},"end":{"line":20,"column":45}},{"start":{"line":20,"column":48},"end":{"line":20,"column":65}}],"line":20},"2":{"loc":{"start":{"line":26,"column":4},"end":{"line":35,"column":5}},"type":"if","locations":[{"start":{"line":26,"column":4},"end":{"line":35,"column":5}},{"start":{"line":26,"column":4},"end":{"line":35,"column":5}}],"line":26},"3":{"loc":{"start":{"line":34,"column":19},"end":{"line":34,"column":42}},"type":"binary-expr","locations":[{"start":{"line":34,"column":19},"end":{"line":34,"column":34}},{"start":{"line":34,"column":38},"end":{"line":34,"column":42}}],"line":34}},"s":{"0":2,"1":2,"2":2,"3":5,"4":5,"5":0,"6":0,"7":0,"8":0,"9":0,"10":0,"11":2},"f":{"0":5,"1":0},"b":{"0":[5,0],"1":[0,0],"2":[0,0],"3":[0,0]},"_coverageSchema":"1a1c01bbd47fc00a2c39e90264f33305004495a9","hash":"c099a07722cb0fc2bf0c87892457104c99fe645c"}
,"D:\\Self Taught\\JavaScript\\js-syntax-extension\\src\\Errors\\ErrorTypes.js": {"path":"D:\\Self Taught\\JavaScript\\js-syntax-extension\\src\\Errors\\ErrorTypes.js","statementMap":{"0":{"start":{"line":5,"column":19},"end":{"line":9,"column":1}},"1":{"start":{"line":11,"column":0},"end":{"line":11,"column":28}}},"fnMap":{},"branchMap":{},"s":{"0":2,"1":2},"f":{},"b":{},"_coverageSchema":"1a1c01bbd47fc00a2c39e90264f33305004495a9","hash":"2ef73e78b7c765146836d9014ee26d2dfcda39eb"}
,"D:\\Self Taught\\JavaScript\\js-syntax-extension\\src\\Parsers\\ClassParser.js": {"path":"D:\\Self Taught\\JavaScript\\js-syntax-extension\\src\\Parsers\\ClassParser.js","statementMap":{"0":{"start":{"line":2,"column":19},"end":{"line":2,"column":42}},"1":{"start":{"line":4,"column":20},"end":{"line":4,"column":52}},"2":{"start":{"line":5,"column":19},"end":{"line":5,"column":50}},"3":{"start":{"line":7,"column":28},"end":{"line":7,"column":68}},"4":{"start":{"line":8,"column":26},"end":{"line":8,"column":64}},"5":{"start":{"line":10,"column":17},"end":{"line":10,"column":54}},"6":{"start":{"line":12,"column":14},"end":{"line":12,"column":32}},"7":{"start":{"line":14,"column":30},"end":{"line":14,"column":43}},"8":{"start":{"line":21,"column":20},"end":{"line":242,"column":1}},"9":{"start":{"line":27,"column":24},"end":{"line":27,"column":73}},"10":{"start":{"line":28,"column":4},"end":{"line":28,"column":23}},"11":{"start":{"line":36,"column":4},"end":{"line":58,"column":5}},"12":{"start":{"line":38,"column":6},"end":{"line":41,"column":7}},"13":{"start":{"line":39,"column":8},"end":{"line":39,"column":33}},"14":{"start":{"line":40,"column":8},"end":{"line":40,"column":15}},"15":{"start":{"line":43,"column":6},"end":{"line":54,"column":7}},"16":{"start":{"line":44,"column":8},"end":{"line":44,"column":40}},"17":{"start":{"line":46,"column":11},"end":{"line":54,"column":7}},"18":{"start":{"line":47,"column":8},"end":{"line":47,"column":47}},"19":{"start":{"line":49,"column":11},"end":{"line":54,"column":7}},"20":{"start":{"line":50,"column":8},"end":{"line":50,"column":91}},"21":{"start":{"line":53,"column":8},"end":{"line":53,"column":34}},"22":{"start":{"line":56,"column":9},"end":{"line":58,"column":5}},"23":{"start":{"line":57,"column":6},"end":{"line":57,"column":48}},"24":{"start":{"line":66,"column":4},"end":{"line":66,"column":18}},"25":{"start":{"line":74,"column":30},"end":{"line":74,"column":55}},"26":{"start":{"line":76,"column":4},"end":{"line":79,"column":5}},"27":{"start":{"line":77,"column":6},"end":{"line":77,"column":54}},"28":{"start":{"line":78,"column":6},"end":{"line":78,"column":18}},"29":{"start":{"line":81,"column":4},"end":{"line":81,"column":17}},"30":{"start":{"line":90,"column":4},"end":{"line":90,"column":40}},"31":{"start":{"line":91,"column":26},"end":{"line":91,"column":40}},"32":{"start":{"line":93,"column":16},"end":{"line":93,"column":38}},"33":{"start":{"line":94,"column":24},"end":{"line":94,"column":68}},"34":{"start":{"line":96,"column":20},"end":{"line":96,"column":27}},"35":{"start":{"line":97,"column":27},"end":{"line":97,"column":39}},"36":{"start":{"line":99,"column":28},"end":{"line":99,"column":95}},"37":{"start":{"line":100,"column":19},"end":{"line":100,"column":44}},"38":{"start":{"line":101,"column":24},"end":{"line":101,"column":52}},"39":{"start":{"line":103,"column":23},"end":{"line":103,"column":50}},"40":{"start":{"line":105,"column":27},"end":{"line":105,"column":73}},"41":{"start":{"line":106,"column":26},"end":{"line":106,"column":87}},"42":{"start":{"line":108,"column":20},"end":{"line":108,"column":56}},"43":{"start":{"line":109,"column":21},"end":{"line":109,"column":39}},"44":{"start":{"line":110,"column":30},"end":{"line":110,"column":51}},"45":{"start":{"line":111,"column":26},"end":{"line":111,"column":85}},"46":{"start":{"line":112,"column":23},"end":{"line":112,"column":86}},"47":{"start":{"line":114,"column":28},"end":{"line":124,"column":5}},"48":{"start":{"line":127,"column":19},"end":{"line":127,"column":21}},"49":{"start":{"line":129,"column":4},"end":{"line":192,"column":5}},"50":{"start":{"line":130,"column":21},"end":{"line":130,"column":23}},"51":{"start":{"line":131,"column":22},"end":{"line":135,"column":7}},"52":{"start":{"line":137,"column":6},"end":{"line":140,"column":7}},"53":{"start":{"line":138,"column":8},"end":{"line":138,"column":73}},"54":{"start":{"line":139,"column":8},"end":{"line":139,"column":60}},"55":{"start":{"line":142,"column":22},"end":{"line":142,"column":92}},"56":{"start":{"line":143,"column":23},"end":{"line":143,"column":96}},"57":{"start":{"line":145,"column":6},"end":{"line":148,"column":7}},"58":{"start":{"line":146,"column":8},"end":{"line":146,"column":77}},"59":{"start":{"line":147,"column":8},"end":{"line":147,"column":65}},"60":{"start":{"line":150,"column":6},"end":{"line":150,"column":25}},"61":{"start":{"line":151,"column":6},"end":{"line":151,"column":81}},"62":{"start":{"line":153,"column":31},"end":{"line":153,"column":33}},"63":{"start":{"line":154,"column":6},"end":{"line":162,"column":7}},"64":{"start":{"line":156,"column":8},"end":{"line":158,"column":9}},"65":{"start":{"line":157,"column":10},"end":{"line":157,"column":79}},"66":{"start":{"line":160,"column":8},"end":{"line":160,"column":111}},"67":{"start":{"line":161,"column":8},"end":{"line":161,"column":75}},"68":{"start":{"line":164,"column":6},"end":{"line":166,"column":7}},"69":{"start":{"line":165,"column":8},"end":{"line":165,"column":29}},"70":{"start":{"line":168,"column":6},"end":{"line":168,"column":42}},"71":{"start":{"line":170,"column":6},"end":{"line":170,"column":110}},"72":{"start":{"line":172,"column":17},"end":{"line":174,"column":23}},"73":{"start":{"line":176,"column":6},"end":{"line":179,"column":7}},"74":{"start":{"line":177,"column":8},"end":{"line":178,"column":28}},"75":{"start":{"line":182,"column":6},"end":{"line":184,"column":7}},"76":{"start":{"line":183,"column":8},"end":{"line":183,"column":28}},"77":{"start":{"line":186,"column":6},"end":{"line":188,"column":7}},"78":{"start":{"line":187,"column":8},"end":{"line":187,"column":58}},"79":{"start":{"line":190,"column":6},"end":{"line":190,"column":88}},"80":{"start":{"line":191,"column":6},"end":{"line":191,"column":23}},"81":{"start":{"line":194,"column":4},"end":{"line":194,"column":40}},"82":{"start":{"line":195,"column":4},"end":{"line":195,"column":20}},"83":{"start":{"line":205,"column":4},"end":{"line":207,"column":5}},"84":{"start":{"line":206,"column":6},"end":{"line":206,"column":35}},"85":{"start":{"line":209,"column":26},"end":{"line":209,"column":136}},"86":{"start":{"line":211,"column":4},"end":{"line":237,"column":5}},"87":{"start":{"line":212,"column":6},"end":{"line":212,"column":26}},"88":{"start":{"line":213,"column":6},"end":{"line":213,"column":32}},"89":{"start":{"line":214,"column":6},"end":{"line":214,"column":57}},"90":{"start":{"line":216,"column":6},"end":{"line":216,"column":82}},"91":{"start":{"line":218,"column":6},"end":{"line":218,"column":53}},"92":{"start":{"line":220,"column":19},"end":{"line":220,"column":66}},"93":{"start":{"line":222,"column":6},"end":{"line":222,"column":44}},"94":{"start":{"line":223,"column":26},"end":{"line":223,"column":67}},"95":{"start":{"line":225,"column":6},"end":{"line":225,"column":44}},"96":{"start":{"line":226,"column":6},"end":{"line":226,"column":44}},"97":{"start":{"line":228,"column":6},"end":{"line":228,"column":23}},"98":{"start":{"line":229,"column":6},"end":{"line":229,"column":42}},"99":{"start":{"line":231,"column":25},"end":{"line":231,"column":65}},"100":{"start":{"line":232,"column":23},"end":{"line":232,"column":90}},"101":{"start":{"line":233,"column":6},"end":{"line":233,"column":93}},"102":{"start":{"line":235,"column":6},"end":{"line":235,"column":30}},"103":{"start":{"line":236,"column":6},"end":{"line":236,"column":24}},"104":{"start":{"line":239,"column":4},"end":{"line":239,"column":49}},"105":{"start":{"line":240,"column":4},"end":{"line":240,"column":33}},"106":{"start":{"line":244,"column":0},"end":{"line":244,"column":29}}},"fnMap":{"0":{"name":"(anonymous_0)","decl":{"start":{"line":26,"column":2},"end":{"line":26,"column":3}},"loc":{"start":{"line":26,"column":11},"end":{"line":29,"column":3}},"line":26},"1":{"name":"(anonymous_1)","decl":{"start":{"line":31,"column":2},"end":{"line":31,"column":3}},"loc":{"start":{"line":31,"column":25},"end":{"line":33,"column":3}},"line":31},"2":{"name":"(anonymous_2)","decl":{"start":{"line":35,"column":2},"end":{"line":35,"column":3}},"loc":{"start":{"line":35,"column":33},"end":{"line":59,"column":3}},"line":35},"3":{"name":"(anonymous_3)","decl":{"start":{"line":65,"column":2},"end":{"line":65,"column":3}},"loc":{"start":{"line":65,"column":21},"end":{"line":67,"column":3}},"line":65},"4":{"name":"(anonymous_4)","decl":{"start":{"line":73,"column":2},"end":{"line":73,"column":3}},"loc":{"start":{"line":73,"column":32},"end":{"line":82,"column":3}},"line":73},"5":{"name":"(anonymous_5)","decl":{"start":{"line":89,"column":2},"end":{"line":89,"column":3}},"loc":{"start":{"line":89,"column":23},"end":{"line":196,"column":3}},"line":89},"6":{"name":"(anonymous_6)","decl":{"start":{"line":204,"column":2},"end":{"line":204,"column":3}},"loc":{"start":{"line":204,"column":27},"end":{"line":241,"column":3}},"line":204}},"branchMap":{"0":{"loc":{"start":{"line":36,"column":4},"end":{"line":58,"column":5}},"type":"if","locations":[{"start":{"line":36,"column":4},"end":{"line":58,"column":5}},{"start":{"line":36,"column":4},"end":{"line":58,"column":5}}],"line":36},"1":{"loc":{"start":{"line":36,"column":7},"end":{"line":36,"column":31}},"type":"binary-expr","locations":[{"start":{"line":36,"column":7},"end":{"line":36,"column":14}},{"start":{"line":36,"column":18},"end":{"line":36,"column":31}}],"line":36},"2":{"loc":{"start":{"line":38,"column":6},"end":{"line":41,"column":7}},"type":"if","locations":[{"start":{"line":38,"column":6},"end":{"line":41,"column":7}},{"start":{"line":38,"column":6},"end":{"line":41,"column":7}}],"line":38},"3":{"loc":{"start":{"line":43,"column":6},"end":{"line":54,"column":7}},"type":"if","locations":[{"start":{"line":43,"column":6},"end":{"line":54,"column":7}},{"start":{"line":43,"column":6},"end":{"line":54,"column":7}}],"line":43},"4":{"loc":{"start":{"line":46,"column":11},"end":{"line":54,"column":7}},"type":"if","locations":[{"start":{"line":46,"column":11},"end":{"line":54,"column":7}},{"start":{"line":46,"column":11},"end":{"line":54,"column":7}}],"line":46},"5":{"loc":{"start":{"line":49,"column":11},"end":{"line":54,"column":7}},"type":"if","locations":[{"start":{"line":49,"column":11},"end":{"line":54,"column":7}},{"start":{"line":49,"column":11},"end":{"line":54,"column":7}}],"line":49},"6":{"loc":{"start":{"line":56,"column":9},"end":{"line":58,"column":5}},"type":"if","locations":[{"start":{"line":56,"column":9},"end":{"line":58,"column":5}},{"start":{"line":56,"column":9},"end":{"line":58,"column":5}}],"line":56},"7":{"loc":{"start":{"line":76,"column":4},"end":{"line":79,"column":5}},"type":"if","locations":[{"start":{"line":76,"column":4},"end":{"line":79,"column":5}},{"start":{"line":76,"column":4},"end":{"line":79,"column":5}}],"line":76},"8":{"loc":{"start":{"line":137,"column":6},"end":{"line":140,"column":7}},"type":"if","locations":[{"start":{"line":137,"column":6},"end":{"line":140,"column":7}},{"start":{"line":137,"column":6},"end":{"line":140,"column":7}}],"line":137},"9":{"loc":{"start":{"line":142,"column":22},"end":{"line":142,"column":92}},"type":"binary-expr","locations":[{"start":{"line":142,"column":22},"end":{"line":142,"column":47}},{"start":{"line":142,"column":51},"end":{"line":142,"column":92}}],"line":142},"10":{"loc":{"start":{"line":143,"column":23},"end":{"line":143,"column":96}},"type":"binary-expr","locations":[{"start":{"line":143,"column":23},"end":{"line":143,"column":49}},{"start":{"line":143,"column":53},"end":{"line":143,"column":96}}],"line":143},"11":{"loc":{"start":{"line":145,"column":6},"end":{"line":148,"column":7}},"type":"if","locations":[{"start":{"line":145,"column":6},"end":{"line":148,"column":7}},{"start":{"line":145,"column":6},"end":{"line":148,"column":7}}],"line":145},"12":{"loc":{"start":{"line":154,"column":6},"end":{"line":162,"column":7}},"type":"if","locations":[{"start":{"line":154,"column":6},"end":{"line":162,"column":7}},{"start":{"line":154,"column":6},"end":{"line":162,"column":7}}],"line":154},"13":{"loc":{"start":{"line":156,"column":8},"end":{"line":158,"column":9}},"type":"if","locations":[{"start":{"line":156,"column":8},"end":{"line":158,"column":9}},{"start":{"line":156,"column":8},"end":{"line":158,"column":9}}],"line":156},"14":{"loc":{"start":{"line":164,"column":6},"end":{"line":166,"column":7}},"type":"if","locations":[{"start":{"line":164,"column":6},"end":{"line":166,"column":7}},{"start":{"line":164,"column":6},"end":{"line":166,"column":7}}],"line":164},"15":{"loc":{"start":{"line":170,"column":21},"end":{"line":170,"column":109}},"type":"cond-expr","locations":[{"start":{"line":170,"column":68},"end":{"line":170,"column":94}},{"start":{"line":170,"column":97},"end":{"line":170,"column":109}}],"line":170},"16":{"loc":{"start":{"line":170,"column":21},"end":{"line":170,"column":65}},"type":"binary-expr","locations":[{"start":{"line":170,"column":21},"end":{"line":170,"column":28}},{"start":{"line":170,"column":32},"end":{"line":170,"column":65}}],"line":170},"17":{"loc":{"start":{"line":172,"column":17},"end":{"line":174,"column":23}},"type":"binary-expr","locations":[{"start":{"line":172,"column":17},"end":{"line":172,"column":57}},{"start":{"line":173,"column":11},"end":{"line":173,"column":51}},{"start":{"line":174,"column":11},"end":{"line":174,"column":23}}],"line":172},"18":{"loc":{"start":{"line":176,"column":6},"end":{"line":179,"column":7}},"type":"if","locations":[{"start":{"line":176,"column":6},"end":{"line":179,"column":7}},{"start":{"line":176,"column":6},"end":{"line":179,"column":7}}],"line":176},"19":{"loc":{"start":{"line":182,"column":6},"end":{"line":184,"column":7}},"type":"if","locations":[{"start":{"line":182,"column":6},"end":{"line":184,"column":7}},{"start":{"line":182,"column":6},"end":{"line":184,"column":7}}],"line":182},"20":{"loc":{"start":{"line":182,"column":9},"end":{"line":182,"column":36}},"type":"binary-expr","locations":[{"start":{"line":182,"column":9},"end":{"line":182,"column":27}},{"start":{"line":182,"column":31},"end":{"line":182,"column":36}}],"line":182},"21":{"loc":{"start":{"line":186,"column":6},"end":{"line":188,"column":7}},"type":"if","locations":[{"start":{"line":186,"column":6},"end":{"line":188,"column":7}},{"start":{"line":186,"column":6},"end":{"line":188,"column":7}}],"line":186},"22":{"loc":{"start":{"line":205,"column":4},"end":{"line":207,"column":5}},"type":"if","locations":[{"start":{"line":205,"column":4},"end":{"line":207,"column":5}},{"start":{"line":205,"column":4},"end":{"line":207,"column":5}}],"line":205},"23":{"loc":{"start":{"line":225,"column":18},"end":{"line":225,"column":43}},"type":"binary-expr","locations":[{"start":{"line":225,"column":18},"end":{"line":225,"column":37}},{"start":{"line":225,"column":41},"end":{"line":225,"column":43}}],"line":225},"24":{"loc":{"start":{"line":226,"column":18},"end":{"line":226,"column":43}},"type":"binary-expr","locations":[{"start":{"line":226,"column":18},"end":{"line":226,"column":37}},{"start":{"line":226,"column":41},"end":{"line":226,"column":43}}],"line":226},"25":{"loc":{"start":{"line":232,"column":26},"end":{"line":232,"column":88}},"type":"cond-expr","locations":[{"start":{"line":232,"column":53},"end":{"line":232,"column":83}},{"start":{"line":232,"column":86},"end":{"line":232,"column":88}}],"line":232}},"s":{"0":1,"1":1,"2":1,"3":1,"4":1,"5":1,"6":1,"7":1,"8":1,"9":2,"10":2,"11":3,"12":3,"13":0,"14":0,"15":3,"16":2,"17":1,"18":1,"19":0,"20":0,"21":0,"22":0,"23":0,"24":1,"25":2,"26":2,"27":2,"28":2,"29":0,"30":2,"31":2,"32":2,"33":2,"34":2,"35":2,"36":2,"37":2,"38":2,"39":2,"40":2,"41":2,"42":2,"43":2,"44":2,"45":2,"46":2,"47":2,"48":2,"49":2,"50":3,"51":3,"52":3,"53":0,"54":0,"55":3,"56":3,"57":3,"58":1,"59":1,"60":3,"61":3,"62":3,"63":3,"64":3,"65":2,"66":3,"67":3,"68":3,"69":0,"70":3,"71":3,"72":3,"73":3,"74":0,"75":3,"76":0,"77":3,"78":0,"79":3,"80":3,"81":2,"82":2,"83":2,"84":0,"85":2,"86":2,"87":2,"88":2,"89":2,"90":2,"91":2,"92":2,"93":2,"94":2,"95":2,"96":2,"97":2,"98":2,"99":2,"100":2,"101":2,"102":2,"103":2,"104":2,"105":2,"106":1},"f":{"0":2,"1":0,"2":3,"3":1,"4":2,"5":2,"6":2},"b":{"0":[3,0],"1":[3,3],"2":[0,3],"3":[2,1],"4":[1,0],"5":[0,0],"6":[0,0],"7":[2,0],"8":[0,3],"9":[3,0],"10":[3,0],"11":[1,2],"12":[3,0],"13":[2,1],"14":[0,3],"15":[0,3],"16":[3,0],"17":[3,3,3],"18":[0,3],"19":[0,3],"20":[3,3],"21":[0,3],"22":[0,2],"23":[2,0],"24":[2,1],"25":[2,0]},"_coverageSchema":"1a1c01bbd47fc00a2c39e90264f33305004495a9","hash":"55cbaf249b621a292d8907bb687fa8e626e396f1"}
,"D:\\Self Taught\\JavaScript\\js-syntax-extension\\src\\Parsers\\EnumParser.js": {"path":"D:\\Self Taught\\JavaScript\\js-syntax-extension\\src\\Parsers\\EnumParser.js","statementMap":{"0":{"start":{"line":1,"column":20},"end":{"line":1,"column":52}},"1":{"start":{"line":2,"column":19},"end":{"line":2,"column":50}},"2":{"start":{"line":4,"column":26},"end":{"line":4,"column":64}},"3":{"start":{"line":10,"column":19},"end":{"line":205,"column":1}},"4":{"start":{"line":17,"column":23},"end":{"line":17,"column":48}},"5":{"start":{"line":20,"column":4},"end":{"line":20,"column":39}},"6":{"start":{"line":26,"column":4},"end":{"line":26,"column":32}},"7":{"start":{"line":32,"column":4},"end":{"line":32,"column":38}},"8":{"start":{"line":35,"column":4},"end":{"line":35,"column":66}},"9":{"start":{"line":38,"column":4},"end":{"line":38,"column":27}},"10":{"start":{"line":40,"column":4},"end":{"line":40,"column":22}},"11":{"start":{"line":44,"column":4},"end":{"line":44,"column":60}},"12":{"start":{"line":52,"column":4},"end":{"line":52,"column":35}},"13":{"start":{"line":56,"column":19},"end":{"line":56,"column":21}},"14":{"start":{"line":58,"column":15},"end":{"line":58,"column":46}},"15":{"start":{"line":59,"column":4},"end":{"line":59,"column":47}},"16":{"start":{"line":60,"column":4},"end":{"line":60,"column":21}},"17":{"start":{"line":62,"column":4},"end":{"line":62,"column":20}},"18":{"start":{"line":66,"column":19},"end":{"line":66,"column":21}},"19":{"start":{"line":68,"column":4},"end":{"line":68,"column":38}},"20":{"start":{"line":69,"column":4},"end":{"line":69,"column":21}},"21":{"start":{"line":71,"column":4},"end":{"line":71,"column":20}},"22":{"start":{"line":75,"column":4},"end":{"line":75,"column":40}},"23":{"start":{"line":76,"column":26},"end":{"line":76,"column":40}},"24":{"start":{"line":78,"column":16},"end":{"line":78,"column":38}},"25":{"start":{"line":79,"column":24},"end":{"line":79,"column":68}},"26":{"start":{"line":81,"column":20},"end":{"line":81,"column":27}},"27":{"start":{"line":82,"column":27},"end":{"line":82,"column":39}},"28":{"start":{"line":83,"column":28},"end":{"line":83,"column":95}},"29":{"start":{"line":84,"column":21},"end":{"line":84,"column":46}},"30":{"start":{"line":85,"column":24},"end":{"line":85,"column":52}},"31":{"start":{"line":87,"column":27},"end":{"line":87,"column":66}},"32":{"start":{"line":88,"column":26},"end":{"line":88,"column":105}},"33":{"start":{"line":90,"column":20},"end":{"line":90,"column":56}},"34":{"start":{"line":91,"column":21},"end":{"line":91,"column":39}},"35":{"start":{"line":92,"column":30},"end":{"line":92,"column":51}},"36":{"start":{"line":93,"column":26},"end":{"line":93,"column":84}},"37":{"start":{"line":94,"column":23},"end":{"line":94,"column":52}},"38":{"start":{"line":95,"column":23},"end":{"line":95,"column":83}},"39":{"start":{"line":97,"column":28},"end":{"line":109,"column":5}},"40":{"start":{"line":112,"column":19},"end":{"line":112,"column":21}},"41":{"start":{"line":114,"column":4},"end":{"line":158,"column":5}},"42":{"start":{"line":115,"column":21},"end":{"line":115,"column":30}},"43":{"start":{"line":117,"column":6},"end":{"line":120,"column":7}},"44":{"start":{"line":118,"column":8},"end":{"line":118,"column":71}},"45":{"start":{"line":119,"column":8},"end":{"line":119,"column":60}},"46":{"start":{"line":122,"column":22},"end":{"line":122,"column":94}},"47":{"start":{"line":123,"column":23},"end":{"line":123,"column":93}},"48":{"start":{"line":124,"column":23},"end":{"line":124,"column":93}},"49":{"start":{"line":126,"column":6},"end":{"line":131,"column":7}},"50":{"start":{"line":127,"column":8},"end":{"line":127,"column":71}},"51":{"start":{"line":128,"column":8},"end":{"line":129,"column":39}},"52":{"start":{"line":130,"column":8},"end":{"line":130,"column":17}},"53":{"start":{"line":133,"column":6},"end":{"line":138,"column":7}},"54":{"start":{"line":134,"column":8},"end":{"line":134,"column":71}},"55":{"start":{"line":135,"column":8},"end":{"line":136,"column":39}},"56":{"start":{"line":137,"column":8},"end":{"line":137,"column":17}},"57":{"start":{"line":140,"column":6},"end":{"line":144,"column":7}},"58":{"start":{"line":141,"column":8},"end":{"line":142,"column":39}},"59":{"start":{"line":143,"column":8},"end":{"line":143,"column":17}},"60":{"start":{"line":146,"column":6},"end":{"line":146,"column":56}},"61":{"start":{"line":148,"column":22},"end":{"line":148,"column":108}},"62":{"start":{"line":149,"column":6},"end":{"line":149,"column":86}},"63":{"start":{"line":150,"column":6},"end":{"line":150,"column":44}},"64":{"start":{"line":152,"column":6},"end":{"line":155,"column":7}},"65":{"start":{"line":153,"column":24},"end":{"line":153,"column":110}},"66":{"start":{"line":154,"column":8},"end":{"line":154,"column":86}},"67":{"start":{"line":157,"column":6},"end":{"line":157,"column":86}},"68":{"start":{"line":160,"column":4},"end":{"line":160,"column":40}},"69":{"start":{"line":161,"column":4},"end":{"line":161,"column":20}},"70":{"start":{"line":165,"column":4},"end":{"line":165,"column":81}},"71":{"start":{"line":173,"column":21},"end":{"line":173,"column":23}},"72":{"start":{"line":174,"column":4},"end":{"line":174,"column":51}},"73":{"start":{"line":176,"column":4},"end":{"line":176,"column":40}},"74":{"start":{"line":178,"column":4},"end":{"line":187,"column":5}},"75":{"start":{"line":179,"column":6},"end":{"line":186,"column":37}},"76":{"start":{"line":189,"column":4},"end":{"line":189,"column":30}},"77":{"start":{"line":190,"column":4},"end":{"line":190,"column":23}},"78":{"start":{"line":191,"column":4},"end":{"line":191,"column":76}},"79":{"start":{"line":192,"column":4},"end":{"line":192,"column":66}},"80":{"start":{"line":193,"column":4},"end":{"line":193,"column":90}},"81":{"start":{"line":194,"column":4},"end":{"line":194,"column":26}},"82":{"start":{"line":196,"column":4},"end":{"line":196,"column":30}},"83":{"start":{"line":197,"column":4},"end":{"line":197,"column":102}},"84":{"start":{"line":198,"column":4},"end":{"line":198,"column":61}},"85":{"start":{"line":199,"column":4},"end":{"line":199,"column":85}},"86":{"start":{"line":200,"column":4},"end":{"line":200,"column":41}},"87":{"start":{"line":201,"column":4},"end":{"line":201,"column":26}},"88":{"start":{"line":203,"column":4},"end":{"line":203,"column":22}},"89":{"start":{"line":207,"column":0},"end":{"line":207,"column":28}}},"fnMap":{"0":{"name":"(anonymous_0)","decl":{"start":{"line":16,"column":2},"end":{"line":16,"column":3}},"loc":{"start":{"line":16,"column":21},"end":{"line":41,"column":3}},"line":16},"1":{"name":"(anonymous_1)","decl":{"start":{"line":43,"column":2},"end":{"line":43,"column":3}},"loc":{"start":{"line":43,"column":19},"end":{"line":45,"column":3}},"line":43},"2":{"name":"(anonymous_2)","decl":{"start":{"line":51,"column":2},"end":{"line":51,"column":3}},"loc":{"start":{"line":51,"column":18},"end":{"line":53,"column":3}},"line":51},"3":{"name":"(anonymous_3)","decl":{"start":{"line":55,"column":2},"end":{"line":55,"column":3}},"loc":{"start":{"line":55,"column":36},"end":{"line":63,"column":3}},"line":55},"4":{"name":"(anonymous_4)","decl":{"start":{"line":65,"column":2},"end":{"line":65,"column":3}},"loc":{"start":{"line":65,"column":39},"end":{"line":72,"column":3}},"line":65},"5":{"name":"(anonymous_5)","decl":{"start":{"line":74,"column":2},"end":{"line":74,"column":3}},"loc":{"start":{"line":74,"column":30},"end":{"line":162,"column":3}},"line":74},"6":{"name":"(anonymous_6)","decl":{"start":{"line":164,"column":2},"end":{"line":164,"column":3}},"loc":{"start":{"line":164,"column":57},"end":{"line":166,"column":3}},"line":164},"7":{"name":"(anonymous_7)","decl":{"start":{"line":172,"column":2},"end":{"line":172,"column":3}},"loc":{"start":{"line":172,"column":25},"end":{"line":204,"column":3}},"line":172}},"branchMap":{"0":{"loc":{"start":{"line":117,"column":6},"end":{"line":120,"column":7}},"type":"if","locations":[{"start":{"line":117,"column":6},"end":{"line":120,"column":7}},{"start":{"line":117,"column":6},"end":{"line":120,"column":7}}],"line":117},"1":{"loc":{"start":{"line":122,"column":22},"end":{"line":122,"column":94}},"type":"binary-expr","locations":[{"start":{"line":122,"column":22},"end":{"line":122,"column":47}},{"start":{"line":122,"column":51},"end":{"line":122,"column":94}}],"line":122},"2":{"loc":{"start":{"line":123,"column":23},"end":{"line":123,"column":93}},"type":"binary-expr","locations":[{"start":{"line":123,"column":23},"end":{"line":123,"column":49}},{"start":{"line":123,"column":53},"end":{"line":123,"column":93}}],"line":123},"3":{"loc":{"start":{"line":124,"column":23},"end":{"line":124,"column":93}},"type":"binary-expr","locations":[{"start":{"line":124,"column":23},"end":{"line":124,"column":49}},{"start":{"line":124,"column":53},"end":{"line":124,"column":93}}],"line":124},"4":{"loc":{"start":{"line":126,"column":6},"end":{"line":131,"column":7}},"type":"if","locations":[{"start":{"line":126,"column":6},"end":{"line":131,"column":7}},{"start":{"line":126,"column":6},"end":{"line":131,"column":7}}],"line":126},"5":{"loc":{"start":{"line":126,"column":9},"end":{"line":126,"column":40}},"type":"binary-expr","locations":[{"start":{"line":126,"column":9},"end":{"line":126,"column":17}},{"start":{"line":126,"column":21},"end":{"line":126,"column":29}},{"start":{"line":126,"column":33},"end":{"line":126,"column":40}}],"line":126},"6":{"loc":{"start":{"line":133,"column":6},"end":{"line":138,"column":7}},"type":"if","locations":[{"start":{"line":133,"column":6},"end":{"line":138,"column":7}},{"start":{"line":133,"column":6},"end":{"line":138,"column":7}}],"line":133},"7":{"loc":{"start":{"line":133,"column":9},"end":{"line":133,"column":63}},"type":"binary-expr","locations":[{"start":{"line":133,"column":9},"end":{"line":133,"column":35}},{"start":{"line":133,"column":39},"end":{"line":133,"column":63}}],"line":133},"8":{"loc":{"start":{"line":140,"column":6},"end":{"line":144,"column":7}},"type":"if","locations":[{"start":{"line":140,"column":6},"end":{"line":144,"column":7}},{"start":{"line":140,"column":6},"end":{"line":144,"column":7}}],"line":140},"9":{"loc":{"start":{"line":148,"column":22},"end":{"line":148,"column":108}},"type":"cond-expr","locations":[{"start":{"line":148,"column":59},"end":{"line":148,"column":93}},{"start":{"line":148,"column":96},"end":{"line":148,"column":108}}],"line":148},"10":{"loc":{"start":{"line":152,"column":6},"end":{"line":155,"column":7}},"type":"if","locations":[{"start":{"line":152,"column":6},"end":{"line":155,"column":7}},{"start":{"line":152,"column":6},"end":{"line":155,"column":7}}],"line":152},"11":{"loc":{"start":{"line":153,"column":24},"end":{"line":153,"column":110}},"type":"cond-expr","locations":[{"start":{"line":153,"column":61},"end":{"line":153,"column":95}},{"start":{"line":153,"column":98},"end":{"line":153,"column":110}}],"line":153},"12":{"loc":{"start":{"line":164,"column":42},"end":{"line":164,"column":55}},"type":"default-arg","locations":[{"start":{"line":164,"column":54},"end":{"line":164,"column":55}}],"line":164},"13":{"loc":{"start":{"line":178,"column":4},"end":{"line":187,"column":5}},"type":"if","locations":[{"start":{"line":178,"column":4},"end":{"line":187,"column":5}},{"start":{"line":178,"column":4},"end":{"line":187,"column":5}}],"line":178}},"s":{"0":2,"1":2,"2":2,"3":2,"4":6,"5":6,"6":6,"7":6,"8":6,"9":6,"10":6,"11":1,"12":2,"13":2,"14":2,"15":2,"16":2,"17":2,"18":2,"19":2,"20":2,"21":2,"22":2,"23":2,"24":2,"25":2,"26":2,"27":2,"28":2,"29":2,"30":2,"31":2,"32":2,"33":2,"34":2,"35":2,"36":2,"37":2,"38":2,"39":2,"40":2,"41":2,"42":4,"43":4,"44":0,"45":0,"46":4,"47":4,"48":4,"49":4,"50":0,"51":0,"52":0,"53":4,"54":0,"55":0,"56":0,"57":4,"58":0,"59":0,"60":4,"61":4,"62":4,"63":4,"64":4,"65":0,"66":0,"67":4,"68":2,"69":2,"70":0,"71":1,"72":1,"73":1,"74":1,"75":0,"76":1,"77":1,"78":1,"79":1,"80":1,"81":1,"82":1,"83":1,"84":1,"85":1,"86":1,"87":1,"88":1,"89":2},"f":{"0":6,"1":1,"2":2,"3":2,"4":2,"5":2,"6":0,"7":1},"b":{"0":[0,4],"1":[4,0],"2":[4,0],"3":[4,0],"4":[0,4],"5":[4,4,4],"6":[0,4],"7":[4,4],"8":[0,4],"9":[0,4],"10":[0,4],"11":[0,0],"12":[0],"13":[0,1]},"_coverageSchema":"1a1c01bbd47fc00a2c39e90264f33305004495a9","hash":"141219e393736cfe5c84e61b6afde741cb5f6f61"}
,"D:\\Self Taught\\JavaScript\\js-syntax-extension\\src\\Parsers\\FileParser.js": {"path":"D:\\Self Taught\\JavaScript\\js-syntax-extension\\src\\Parsers\\FileParser.js","statementMap":{"0":{"start":{"line":2,"column":20},"end":{"line":2,"column":52}},"1":{"start":{"line":4,"column":19},"end":{"line":4,"column":50}},"2":{"start":{"line":5,"column":14},"end":{"line":5,"column":32}},"3":{"start":{"line":7,"column":19},"end":{"line":7,"column":42}},"4":{"start":{"line":8,"column":23},"end":{"line":8,"column":50}},"5":{"start":{"line":10,"column":34},"end":{"line":10,"column":80}},"6":{"start":{"line":11,"column":26},"end":{"line":11,"column":64}},"7":{"start":{"line":13,"column":30},"end":{"line":13,"column":38}},"8":{"start":{"line":19,"column":19},"end":{"line":857,"column":1}},"9":{"start":{"line":24,"column":23},"end":{"line":24,"column":48}},"10":{"start":{"line":30,"column":4},"end":{"line":30,"column":32}},"11":{"start":{"line":36,"column":4},"end":{"line":36,"column":38}},"12":{"start":{"line":42,"column":4},"end":{"line":42,"column":32}},"13":{"start":{"line":47,"column":4},"end":{"line":47,"column":29}},"14":{"start":{"line":52,"column":4},"end":{"line":52,"column":34}},"15":{"start":{"line":57,"column":4},"end":{"line":57,"column":27}},"16":{"start":{"line":62,"column":4},"end":{"line":62,"column":32}},"17":{"start":{"line":65,"column":4},"end":{"line":65,"column":58}},"18":{"start":{"line":68,"column":4},"end":{"line":68,"column":88}},"19":{"start":{"line":71,"column":4},"end":{"line":71,"column":37}},"20":{"start":{"line":74,"column":4},"end":{"line":74,"column":66}},"21":{"start":{"line":77,"column":4},"end":{"line":77,"column":27}},"22":{"start":{"line":83,"column":4},"end":{"line":83,"column":37}},"23":{"start":{"line":89,"column":4},"end":{"line":89,"column":37}},"24":{"start":{"line":94,"column":4},"end":{"line":94,"column":40}},"25":{"start":{"line":96,"column":4},"end":{"line":96,"column":22}},"26":{"start":{"line":106,"column":24},"end":{"line":106,"column":139}},"27":{"start":{"line":108,"column":4},"end":{"line":110,"column":5}},"28":{"start":{"line":109,"column":6},"end":{"line":109,"column":47}},"29":{"start":{"line":112,"column":4},"end":{"line":112,"column":33}},"30":{"start":{"line":121,"column":4},"end":{"line":123,"column":5}},"31":{"start":{"line":122,"column":6},"end":{"line":122,"column":18}},"32":{"start":{"line":125,"column":4},"end":{"line":128,"column":5}},"33":{"start":{"line":126,"column":6},"end":{"line":126,"column":78}},"34":{"start":{"line":127,"column":6},"end":{"line":127,"column":31}},"35":{"start":{"line":130,"column":19},"end":{"line":130,"column":62}},"36":{"start":{"line":130,"column":51},"end":{"line":130,"column":61}},"37":{"start":{"line":132,"column":18},"end":{"line":134,"column":5}},"38":{"start":{"line":136,"column":4},"end":{"line":146,"column":5}},"39":{"start":{"line":136,"column":16},"end":{"line":136,"column":17}},"40":{"start":{"line":137,"column":19},"end":{"line":137,"column":45}},"41":{"start":{"line":138,"column":6},"end":{"line":140,"column":7}},"42":{"start":{"line":139,"column":8},"end":{"line":139,"column":23}},"43":{"start":{"line":142,"column":6},"end":{"line":145,"column":7}},"44":{"start":{"line":143,"column":8},"end":{"line":143,"column":24}},"45":{"start":{"line":144,"column":8},"end":{"line":144,"column":23}},"46":{"start":{"line":148,"column":4},"end":{"line":164,"column":5}},"47":{"start":{"line":149,"column":6},"end":{"line":149,"column":26}},"48":{"start":{"line":150,"column":23},"end":{"line":150,"column":41}},"49":{"start":{"line":151,"column":6},"end":{"line":151,"column":32}},"50":{"start":{"line":153,"column":9},"end":{"line":164,"column":5}},"51":{"start":{"line":154,"column":6},"end":{"line":154,"column":26}},"52":{"start":{"line":155,"column":23},"end":{"line":155,"column":41}},"53":{"start":{"line":156,"column":20},"end":{"line":156,"column":23}},"54":{"start":{"line":157,"column":6},"end":{"line":160,"column":7}},"55":{"start":{"line":157,"column":18},"end":{"line":157,"column":19}},"56":{"start":{"line":158,"column":8},"end":{"line":158,"column":31}},"57":{"start":{"line":159,"column":8},"end":{"line":159,"column":56}},"58":{"start":{"line":162,"column":6},"end":{"line":162,"column":23}},"59":{"start":{"line":163,"column":6},"end":{"line":163,"column":21}},"60":{"start":{"line":166,"column":4},"end":{"line":166,"column":19}},"61":{"start":{"line":175,"column":4},"end":{"line":177,"column":5}},"62":{"start":{"line":176,"column":6},"end":{"line":176,"column":18}},"63":{"start":{"line":180,"column":4},"end":{"line":190,"column":5}},"64":{"start":{"line":181,"column":25},"end":{"line":181,"column":44}},"65":{"start":{"line":182,"column":6},"end":{"line":182,"column":38}},"66":{"start":{"line":183,"column":6},"end":{"line":183,"column":40}},"67":{"start":{"line":185,"column":22},"end":{"line":185,"column":108}},"68":{"start":{"line":186,"column":19},"end":{"line":188,"column":17}},"69":{"start":{"line":189,"column":6},"end":{"line":189,"column":57}},"70":{"start":{"line":192,"column":4},"end":{"line":194,"column":5}},"71":{"start":{"line":193,"column":6},"end":{"line":193,"column":28}},"72":{"start":{"line":196,"column":20},"end":{"line":196,"column":62}},"73":{"start":{"line":197,"column":4},"end":{"line":199,"column":5}},"74":{"start":{"line":198,"column":6},"end":{"line":198,"column":40}},"75":{"start":{"line":201,"column":24},"end":{"line":201,"column":51}},"76":{"start":{"line":202,"column":4},"end":{"line":204,"column":5}},"77":{"start":{"line":203,"column":6},"end":{"line":203,"column":26}},"78":{"start":{"line":206,"column":4},"end":{"line":208,"column":5}},"79":{"start":{"line":207,"column":6},"end":{"line":207,"column":23}},"80":{"start":{"line":210,"column":4},"end":{"line":212,"column":5}},"81":{"start":{"line":211,"column":6},"end":{"line":211,"column":28}},"82":{"start":{"line":214,"column":4},"end":{"line":214,"column":64}},"83":{"start":{"line":215,"column":4},"end":{"line":217,"column":5}},"84":{"start":{"line":216,"column":6},"end":{"line":216,"column":49}},"85":{"start":{"line":219,"column":16},"end":{"line":221,"column":16}},"86":{"start":{"line":220,"column":17},"end":{"line":220,"column":26}},"87":{"start":{"line":223,"column":27},"end":{"line":223,"column":53}},"88":{"start":{"line":224,"column":4},"end":{"line":239,"column":5}},"89":{"start":{"line":225,"column":6},"end":{"line":236,"column":7}},"90":{"start":{"line":226,"column":20},"end":{"line":226,"column":31}},"91":{"start":{"line":227,"column":22},"end":{"line":227,"column":32}},"92":{"start":{"line":228,"column":8},"end":{"line":230,"column":9}},"93":{"start":{"line":229,"column":10},"end":{"line":229,"column":30}},"94":{"start":{"line":232,"column":8},"end":{"line":232,"column":37}},"95":{"start":{"line":235,"column":8},"end":{"line":235,"column":80}},"96":{"start":{"line":238,"column":6},"end":{"line":238,"column":23}},"97":{"start":{"line":241,"column":4},"end":{"line":243,"column":5}},"98":{"start":{"line":242,"column":6},"end":{"line":242,"column":27}},"99":{"start":{"line":245,"column":4},"end":{"line":247,"column":5}},"100":{"start":{"line":246,"column":6},"end":{"line":246,"column":26}},"101":{"start":{"line":249,"column":4},"end":{"line":251,"column":5}},"102":{"start":{"line":250,"column":6},"end":{"line":250,"column":26}},"103":{"start":{"line":253,"column":4},"end":{"line":253,"column":21}},"104":{"start":{"line":262,"column":23},"end":{"line":262,"column":101}},"105":{"start":{"line":264,"column":17},"end":{"line":264,"column":46}},"106":{"start":{"line":265,"column":4},"end":{"line":278,"column":5}},"107":{"start":{"line":266,"column":20},"end":{"line":266,"column":36}},"108":{"start":{"line":267,"column":6},"end":{"line":277,"column":7}},"109":{"start":{"line":269,"column":8},"end":{"line":271,"column":9}},"110":{"start":{"line":270,"column":10},"end":{"line":270,"column":63}},"111":{"start":{"line":273,"column":8},"end":{"line":273,"column":44}},"112":{"start":{"line":275,"column":11},"end":{"line":277,"column":7}},"113":{"start":{"line":276,"column":8},"end":{"line":276,"column":43}},"114":{"start":{"line":280,"column":4},"end":{"line":280,"column":16}},"115":{"start":{"line":284,"column":23},"end":{"line":284,"column":140}},"116":{"start":{"line":287,"column":21},"end":{"line":287,"column":22}},"117":{"start":{"line":288,"column":23},"end":{"line":288,"column":24}},"118":{"start":{"line":289,"column":19},"end":{"line":289,"column":20}},"119":{"start":{"line":290,"column":21},"end":{"line":290,"column":22}},"120":{"start":{"line":291,"column":19},"end":{"line":293,"column":5}},"121":{"start":{"line":295,"column":4},"end":{"line":333,"column":5}},"122":{"start":{"line":296,"column":20},"end":{"line":296,"column":36}},"123":{"start":{"line":297,"column":6},"end":{"line":332,"column":7}},"124":{"start":{"line":298,"column":8},"end":{"line":300,"column":9}},"125":{"start":{"line":299,"column":10},"end":{"line":299,"column":19}},"126":{"start":{"line":302,"column":8},"end":{"line":304,"column":9}},"127":{"start":{"line":303,"column":10},"end":{"line":303,"column":51}},"128":{"start":{"line":306,"column":8},"end":{"line":306,"column":19}},"129":{"start":{"line":307,"column":8},"end":{"line":307,"column":39}},"130":{"start":{"line":309,"column":11},"end":{"line":332,"column":7}},"131":{"start":{"line":310,"column":8},"end":{"line":312,"column":9}},"132":{"start":{"line":311,"column":10},"end":{"line":311,"column":19}},"133":{"start":{"line":314,"column":8},"end":{"line":314,"column":21}},"134":{"start":{"line":315,"column":8},"end":{"line":315,"column":48}},"135":{"start":{"line":317,"column":11},"end":{"line":332,"column":7}},"136":{"start":{"line":318,"column":8},"end":{"line":327,"column":9}},"137":{"start":{"line":319,"column":10},"end":{"line":319,"column":52}},"138":{"start":{"line":320,"column":10},"end":{"line":320,"column":19}},"139":{"start":{"line":322,"column":13},"end":{"line":327,"column":9}},"140":{"start":{"line":323,"column":10},"end":{"line":323,"column":42}},"141":{"start":{"line":324,"column":10},"end":{"line":324,"column":26}},"142":{"start":{"line":325,"column":10},"end":{"line":325,"column":91}},"143":{"start":{"line":326,"column":10},"end":{"line":326,"column":19}},"144":{"start":{"line":329,"column":8},"end":{"line":329,"column":56}},"145":{"start":{"line":330,"column":8},"end":{"line":330,"column":50}},"146":{"start":{"line":331,"column":8},"end":{"line":331,"column":24}},"147":{"start":{"line":335,"column":4},"end":{"line":335,"column":28}},"148":{"start":{"line":337,"column":4},"end":{"line":340,"column":5}},"149":{"start":{"line":338,"column":22},"end":{"line":338,"column":108}},"150":{"start":{"line":339,"column":6},"end":{"line":339,"column":83}},"151":{"start":{"line":342,"column":4},"end":{"line":342,"column":19}},"152":{"start":{"line":352,"column":18},"end":{"line":352,"column":22}},"153":{"start":{"line":353,"column":4},"end":{"line":353,"column":61}},"154":{"start":{"line":354,"column":4},"end":{"line":354,"column":48}},"155":{"start":{"line":355,"column":4},"end":{"line":355,"column":59}},"156":{"start":{"line":356,"column":4},"end":{"line":356,"column":55}},"157":{"start":{"line":357,"column":4},"end":{"line":357,"column":19}},"158":{"start":{"line":366,"column":27},"end":{"line":366,"column":158}},"159":{"start":{"line":367,"column":22},"end":{"line":367,"column":57}},"160":{"start":{"line":369,"column":4},"end":{"line":372,"column":5}},"161":{"start":{"line":370,"column":6},"end":{"line":371,"column":26}},"162":{"start":{"line":374,"column":4},"end":{"line":374,"column":46}},"163":{"start":{"line":382,"column":4},"end":{"line":382,"column":65}},"164":{"start":{"line":392,"column":4},"end":{"line":403,"column":5}},"165":{"start":{"line":393,"column":6},"end":{"line":394,"column":26}},"166":{"start":{"line":396,"column":9},"end":{"line":403,"column":5}},"167":{"start":{"line":397,"column":6},"end":{"line":400,"column":7}},"168":{"start":{"line":398,"column":8},"end":{"line":399,"column":28}},"169":{"start":{"line":402,"column":6},"end":{"line":402,"column":19}},"170":{"start":{"line":405,"column":4},"end":{"line":405,"column":40}},"171":{"start":{"line":406,"column":4},"end":{"line":406,"column":16}},"172":{"start":{"line":416,"column":4},"end":{"line":428,"column":5}},"173":{"start":{"line":418,"column":34},"end":{"line":418,"column":99}},"174":{"start":{"line":419,"column":6},"end":{"line":427,"column":7}},"175":{"start":{"line":420,"column":8},"end":{"line":420,"column":66}},"176":{"start":{"line":421,"column":8},"end":{"line":423,"column":53}},"177":{"start":{"line":426,"column":8},"end":{"line":426,"column":45}},"178":{"start":{"line":430,"column":4},"end":{"line":432,"column":11}},"179":{"start":{"line":439,"column":4},"end":{"line":458,"column":5}},"180":{"start":{"line":440,"column":27},"end":{"line":440,"column":83}},"181":{"start":{"line":441,"column":29},"end":{"line":441,"column":81}},"182":{"start":{"line":443,"column":20},"end":{"line":443,"column":80}},"183":{"start":{"line":446,"column":25},"end":{"line":446,"column":30}},"184":{"start":{"line":447,"column":6},"end":{"line":457,"column":7}},"185":{"start":{"line":448,"column":8},"end":{"line":452,"column":9}},"186":{"start":{"line":449,"column":10},"end":{"line":450,"column":30}},"187":{"start":{"line":451,"column":10},"end":{"line":451,"column":16}},"188":{"start":{"line":454,"column":26},"end":{"line":454,"column":113}},"189":{"start":{"line":455,"column":8},"end":{"line":455,"column":113}},"190":{"start":{"line":456,"column":8},"end":{"line":456,"column":28}},"191":{"start":{"line":469,"column":4},"end":{"line":469,"column":40}},"192":{"start":{"line":470,"column":20},"end":{"line":470,"column":57}},"193":{"start":{"line":472,"column":4},"end":{"line":480,"column":5}},"194":{"start":{"line":473,"column":6},"end":{"line":475,"column":7}},"195":{"start":{"line":474,"column":8},"end":{"line":474,"column":15}},"196":{"start":{"line":479,"column":6},"end":{"line":479,"column":25}},"197":{"start":{"line":482,"column":4},"end":{"line":484,"column":5}},"198":{"start":{"line":483,"column":6},"end":{"line":483,"column":48}},"199":{"start":{"line":486,"column":16},"end":{"line":486,"column":38}},"200":{"start":{"line":487,"column":24},"end":{"line":487,"column":68}},"201":{"start":{"line":489,"column":20},"end":{"line":489,"column":27}},"202":{"start":{"line":490,"column":27},"end":{"line":490,"column":39}},"203":{"start":{"line":492,"column":19},"end":{"line":492,"column":76}},"204":{"start":{"line":493,"column":23},"end":{"line":493,"column":50}},"205":{"start":{"line":495,"column":25},"end":{"line":495,"column":63}},"206":{"start":{"line":496,"column":21},"end":{"line":496,"column":39}},"207":{"start":{"line":497,"column":25},"end":{"line":497,"column":78}},"208":{"start":{"line":498,"column":23},"end":{"line":498,"column":63}},"209":{"start":{"line":500,"column":27},"end":{"line":508,"column":5}},"210":{"start":{"line":511,"column":20},"end":{"line":511,"column":22}},"211":{"start":{"line":512,"column":4},"end":{"line":549,"column":5}},"212":{"start":{"line":513,"column":22},"end":{"line":515,"column":7}},"213":{"start":{"line":517,"column":22},"end":{"line":517,"column":80}},"214":{"start":{"line":519,"column":6},"end":{"line":521,"column":7}},"215":{"start":{"line":520,"column":8},"end":{"line":520,"column":50}},"216":{"start":{"line":523,"column":19},"end":{"line":525,"column":49}},"217":{"start":{"line":529,"column":6},"end":{"line":532,"column":7}},"218":{"start":{"line":530,"column":8},"end":{"line":531,"column":28}},"219":{"start":{"line":534,"column":6},"end":{"line":534,"column":45}},"220":{"start":{"line":536,"column":6},"end":{"line":543,"column":7}},"221":{"start":{"line":537,"column":26},"end":{"line":540,"column":9}},"222":{"start":{"line":541,"column":8},"end":{"line":541,"column":101}},"223":{"start":{"line":542,"column":8},"end":{"line":542,"column":17}},"224":{"start":{"line":545,"column":6},"end":{"line":545,"column":26}},"225":{"start":{"line":546,"column":6},"end":{"line":546,"column":27}},"226":{"start":{"line":547,"column":6},"end":{"line":547,"column":55}},"227":{"start":{"line":548,"column":6},"end":{"line":548,"column":24}},"228":{"start":{"line":551,"column":4},"end":{"line":551,"column":40}},"229":{"start":{"line":552,"column":4},"end":{"line":552,"column":27}},"230":{"start":{"line":562,"column":4},"end":{"line":562,"column":40}},"231":{"start":{"line":563,"column":26},"end":{"line":563,"column":40}},"232":{"start":{"line":565,"column":16},"end":{"line":565,"column":38}},"233":{"start":{"line":566,"column":24},"end":{"line":566,"column":68}},"234":{"start":{"line":568,"column":20},"end":{"line":568,"column":27}},"235":{"start":{"line":569,"column":27},"end":{"line":569,"column":39}},"236":{"start":{"line":570,"column":28},"end":{"line":570,"column":92}},"237":{"start":{"line":571,"column":21},"end":{"line":571,"column":46}},"238":{"start":{"line":572,"column":24},"end":{"line":572,"column":52}},"239":{"start":{"line":574,"column":27},"end":{"line":574,"column":66}},"240":{"start":{"line":575,"column":26},"end":{"line":575,"column":105}},"241":{"start":{"line":577,"column":20},"end":{"line":577,"column":56}},"242":{"start":{"line":578,"column":21},"end":{"line":578,"column":39}},"243":{"start":{"line":579,"column":30},"end":{"line":579,"column":51}},"244":{"start":{"line":580,"column":26},"end":{"line":580,"column":84}},"245":{"start":{"line":581,"column":23},"end":{"line":581,"column":52}},"246":{"start":{"line":582,"column":23},"end":{"line":582,"column":82}},"247":{"start":{"line":584,"column":28},"end":{"line":593,"column":5}},"248":{"start":{"line":596,"column":19},"end":{"line":596,"column":21}},"249":{"start":{"line":598,"column":4},"end":{"line":700,"column":5}},"250":{"start":{"line":599,"column":21},"end":{"line":599,"column":23}},"251":{"start":{"line":600,"column":22},"end":{"line":604,"column":7}},"252":{"start":{"line":606,"column":6},"end":{"line":609,"column":7}},"253":{"start":{"line":607,"column":8},"end":{"line":607,"column":71}},"254":{"start":{"line":608,"column":8},"end":{"line":608,"column":60}},"255":{"start":{"line":611,"column":22},"end":{"line":611,"column":115}},"256":{"start":{"line":612,"column":23},"end":{"line":612,"column":111}},"257":{"start":{"line":613,"column":23},"end":{"line":613,"column":111}},"258":{"start":{"line":615,"column":6},"end":{"line":625,"column":7}},"259":{"start":{"line":617,"column":27},"end":{"line":617,"column":75}},"260":{"start":{"line":618,"column":8},"end":{"line":624,"column":9}},"261":{"start":{"line":619,"column":10},"end":{"line":619,"column":100}},"262":{"start":{"line":620,"column":10},"end":{"line":620,"column":19}},"263":{"start":{"line":622,"column":13},"end":{"line":624,"column":9}},"264":{"start":{"line":623,"column":10},"end":{"line":623,"column":19}},"265":{"start":{"line":627,"column":6},"end":{"line":630,"column":7}},"266":{"start":{"line":628,"column":8},"end":{"line":628,"column":75}},"267":{"start":{"line":629,"column":8},"end":{"line":629,"column":65}},"268":{"start":{"line":632,"column":22},"end":{"line":632,"column":108}},"269":{"start":{"line":633,"column":6},"end":{"line":633,"column":86}},"270":{"start":{"line":634,"column":6},"end":{"line":634,"column":81}},"271":{"start":{"line":635,"column":31},"end":{"line":635,"column":33}},"272":{"start":{"line":636,"column":6},"end":{"line":654,"column":7}},"273":{"start":{"line":638,"column":8},"end":{"line":640,"column":9}},"274":{"start":{"line":639,"column":10},"end":{"line":639,"column":77}},"275":{"start":{"line":642,"column":8},"end":{"line":647,"column":9}},"276":{"start":{"line":643,"column":10},"end":{"line":643,"column":33}},"277":{"start":{"line":645,"column":13},"end":{"line":647,"column":9}},"278":{"start":{"line":646,"column":10},"end":{"line":646,"column":113}},"279":{"start":{"line":650,"column":8},"end":{"line":650,"column":76}},"280":{"start":{"line":653,"column":8},"end":{"line":653,"column":29}},"281":{"start":{"line":656,"column":6},"end":{"line":670,"column":7}},"282":{"start":{"line":657,"column":8},"end":{"line":657,"column":29}},"283":{"start":{"line":659,"column":8},"end":{"line":661,"column":9}},"284":{"start":{"line":660,"column":10},"end":{"line":660,"column":93}},"285":{"start":{"line":663,"column":8},"end":{"line":666,"column":9}},"286":{"start":{"line":665,"column":10},"end":{"line":665,"column":32}},"287":{"start":{"line":669,"column":8},"end":{"line":669,"column":50}},"288":{"start":{"line":672,"column":6},"end":{"line":672,"column":110}},"289":{"start":{"line":674,"column":17},"end":{"line":676,"column":23}},"290":{"start":{"line":678,"column":6},"end":{"line":682,"column":7}},"291":{"start":{"line":679,"column":8},"end":{"line":681,"column":54}},"292":{"start":{"line":684,"column":6},"end":{"line":687,"column":7}},"293":{"start":{"line":685,"column":8},"end":{"line":686,"column":28}},"294":{"start":{"line":690,"column":6},"end":{"line":692,"column":7}},"295":{"start":{"line":691,"column":8},"end":{"line":691,"column":28}},"296":{"start":{"line":694,"column":6},"end":{"line":696,"column":7}},"297":{"start":{"line":695,"column":8},"end":{"line":695,"column":58}},"298":{"start":{"line":698,"column":6},"end":{"line":698,"column":88}},"299":{"start":{"line":699,"column":6},"end":{"line":699,"column":23}},"300":{"start":{"line":702,"column":4},"end":{"line":702,"column":40}},"301":{"start":{"line":703,"column":4},"end":{"line":703,"column":20}},"302":{"start":{"line":713,"column":18},"end":{"line":713,"column":45}},"303":{"start":{"line":714,"column":24},"end":{"line":714,"column":50}},"304":{"start":{"line":715,"column":25},"end":{"line":715,"column":72}},"305":{"start":{"line":716,"column":25},"end":{"line":716,"column":26}},"306":{"start":{"line":717,"column":23},"end":{"line":717,"column":24}},"307":{"start":{"line":719,"column":4},"end":{"line":727,"column":5}},"308":{"start":{"line":719,"column":16},"end":{"line":719,"column":17}},"309":{"start":{"line":720,"column":6},"end":{"line":726,"column":7}},"310":{"start":{"line":721,"column":8},"end":{"line":721,"column":98}},"311":{"start":{"line":722,"column":8},"end":{"line":722,"column":71}},"312":{"start":{"line":723,"column":8},"end":{"line":723,"column":39}},"313":{"start":{"line":724,"column":8},"end":{"line":724,"column":27}},"314":{"start":{"line":725,"column":8},"end":{"line":725,"column":14}},"315":{"start":{"line":729,"column":4},"end":{"line":732,"column":5}},"316":{"start":{"line":730,"column":6},"end":{"line":730,"column":36}},"317":{"start":{"line":731,"column":6},"end":{"line":731,"column":13}},"318":{"start":{"line":734,"column":4},"end":{"line":737,"column":5}},"319":{"start":{"line":735,"column":6},"end":{"line":735,"column":50}},"320":{"start":{"line":736,"column":6},"end":{"line":736,"column":13}},"321":{"start":{"line":739,"column":21},"end":{"line":739,"column":22}},"322":{"start":{"line":740,"column":4},"end":{"line":752,"column":5}},"323":{"start":{"line":740,"column":16},"end":{"line":740,"column":30}},"324":{"start":{"line":741,"column":6},"end":{"line":751,"column":7}},"325":{"start":{"line":742,"column":8},"end":{"line":742,"column":23}},"326":{"start":{"line":744,"column":11},"end":{"line":751,"column":7}},"327":{"start":{"line":745,"column":8},"end":{"line":745,"column":37}},"328":{"start":{"line":746,"column":8},"end":{"line":746,"column":21}},"329":{"start":{"line":749,"column":8},"end":{"line":749,"column":50}},"330":{"start":{"line":750,"column":8},"end":{"line":750,"column":15}},"331":{"start":{"line":754,"column":4},"end":{"line":756,"column":5}},"332":{"start":{"line":755,"column":6},"end":{"line":755,"column":34}},"333":{"start":{"line":767,"column":18},"end":{"line":767,"column":41}},"334":{"start":{"line":768,"column":25},"end":{"line":768,"column":91}},"335":{"start":{"line":769,"column":25},"end":{"line":769,"column":26}},"336":{"start":{"line":770,"column":23},"end":{"line":770,"column":24}},"337":{"start":{"line":772,"column":4},"end":{"line":778,"column":5}},"338":{"start":{"line":772,"column":16},"end":{"line":772,"column":17}},"339":{"start":{"line":773,"column":6},"end":{"line":777,"column":7}},"340":{"start":{"line":774,"column":8},"end":{"line":774,"column":39}},"341":{"start":{"line":775,"column":8},"end":{"line":775,"column":27}},"342":{"start":{"line":776,"column":8},"end":{"line":776,"column":14}},"343":{"start":{"line":780,"column":4},"end":{"line":783,"column":5}},"344":{"start":{"line":781,"column":6},"end":{"line":781,"column":50}},"345":{"start":{"line":782,"column":6},"end":{"line":782,"column":13}},"346":{"start":{"line":785,"column":21},"end":{"line":785,"column":22}},"347":{"start":{"line":786,"column":4},"end":{"line":798,"column":5}},"348":{"start":{"line":786,"column":16},"end":{"line":786,"column":30}},"349":{"start":{"line":787,"column":6},"end":{"line":797,"column":7}},"350":{"start":{"line":788,"column":8},"end":{"line":788,"column":23}},"351":{"start":{"line":790,"column":11},"end":{"line":797,"column":7}},"352":{"start":{"line":791,"column":8},"end":{"line":791,"column":37}},"353":{"start":{"line":792,"column":8},"end":{"line":792,"column":21}},"354":{"start":{"line":795,"column":8},"end":{"line":795,"column":50}},"355":{"start":{"line":796,"column":8},"end":{"line":796,"column":15}},"356":{"start":{"line":800,"column":4},"end":{"line":802,"column":5}},"357":{"start":{"line":801,"column":6},"end":{"line":801,"column":34}},"358":{"start":{"line":812,"column":27},"end":{"line":812,"column":157}},"359":{"start":{"line":815,"column":4},"end":{"line":853,"column":5}},"360":{"start":{"line":816,"column":6},"end":{"line":816,"column":26}},"361":{"start":{"line":817,"column":6},"end":{"line":817,"column":32}},"362":{"start":{"line":818,"column":6},"end":{"line":818,"column":53}},"363":{"start":{"line":820,"column":6},"end":{"line":820,"column":42}},"364":{"start":{"line":822,"column":27},"end":{"line":822,"column":92}},"365":{"start":{"line":823,"column":6},"end":{"line":823,"column":57}},"366":{"start":{"line":825,"column":6},"end":{"line":828,"column":7}},"367":{"start":{"line":826,"column":8},"end":{"line":826,"column":58}},"368":{"start":{"line":827,"column":8},"end":{"line":827,"column":17}},"369":{"start":{"line":830,"column":6},"end":{"line":830,"column":47}},"370":{"start":{"line":832,"column":6},"end":{"line":837,"column":7}},"371":{"start":{"line":833,"column":8},"end":{"line":833,"column":65}},"372":{"start":{"line":834,"column":8},"end":{"line":836,"column":28}},"373":{"start":{"line":839,"column":19},"end":{"line":839,"column":64}},"374":{"start":{"line":840,"column":26},"end":{"line":840,"column":64}},"375":{"start":{"line":842,"column":6},"end":{"line":842,"column":44}},"376":{"start":{"line":843,"column":6},"end":{"line":843,"column":44}},"377":{"start":{"line":845,"column":6},"end":{"line":845,"column":23}},"378":{"start":{"line":846,"column":6},"end":{"line":846,"column":40}},"379":{"start":{"line":847,"column":6},"end":{"line":850,"column":60}},"380":{"start":{"line":851,"column":6},"end":{"line":851,"column":30}},"381":{"start":{"line":852,"column":6},"end":{"line":852,"column":24}},"382":{"start":{"line":855,"column":4},"end":{"line":855,"column":20}},"383":{"start":{"line":859,"column":0},"end":{"line":859,"column":28}}},"fnMap":{"0":{"name":"(anonymous_0)","decl":{"start":{"line":23,"column":2},"end":{"line":23,"column":3}},"loc":{"start":{"line":23,"column":11},"end":{"line":97,"column":3}},"line":23},"1":{"name":"(anonymous_1)","decl":{"start":{"line":105,"column":2},"end":{"line":105,"column":3}},"loc":{"start":{"line":105,"column":42},"end":{"line":113,"column":3}},"line":105},"2":{"name":"(anonymous_2)","decl":{"start":{"line":120,"column":2},"end":{"line":120,"column":3}},"loc":{"start":{"line":120,"column":24},"end":{"line":167,"column":3}},"line":120},"3":{"name":"(anonymous_3)","decl":{"start":{"line":130,"column":44},"end":{"line":130,"column":45}},"loc":{"start":{"line":130,"column":51},"end":{"line":130,"column":61}},"line":130},"4":{"name":"(anonymous_4)","decl":{"start":{"line":174,"column":2},"end":{"line":174,"column":3}},"loc":{"start":{"line":174,"column":20},"end":{"line":254,"column":3}},"line":174},"5":{"name":"(anonymous_5)","decl":{"start":{"line":220,"column":11},"end":{"line":220,"column":12}},"loc":{"start":{"line":220,"column":17},"end":{"line":220,"column":26}},"line":220},"6":{"name":"(anonymous_6)","decl":{"start":{"line":261,"column":2},"end":{"line":261,"column":3}},"loc":{"start":{"line":261,"column":29},"end":{"line":281,"column":3}},"line":261},"7":{"name":"(anonymous_7)","decl":{"start":{"line":283,"column":2},"end":{"line":283,"column":3}},"loc":{"start":{"line":283,"column":33},"end":{"line":343,"column":3}},"line":283},"8":{"name":"(anonymous_8)","decl":{"start":{"line":351,"column":2},"end":{"line":351,"column":3}},"loc":{"start":{"line":351,"column":16},"end":{"line":358,"column":3}},"line":351},"9":{"name":"(anonymous_9)","decl":{"start":{"line":365,"column":2},"end":{"line":365,"column":3}},"loc":{"start":{"line":365,"column":35},"end":{"line":375,"column":3}},"line":365},"10":{"name":"(anonymous_10)","decl":{"start":{"line":381,"column":2},"end":{"line":381,"column":3}},"loc":{"start":{"line":381,"column":39},"end":{"line":383,"column":3}},"line":381},"11":{"name":"(anonymous_11)","decl":{"start":{"line":391,"column":2},"end":{"line":391,"column":3}},"loc":{"start":{"line":391,"column":44},"end":{"line":407,"column":3}},"line":391},"12":{"name":"(anonymous_12)","decl":{"start":{"line":415,"column":2},"end":{"line":415,"column":3}},"loc":{"start":{"line":415,"column":36},"end":{"line":433,"column":3}},"line":415},"13":{"name":"(anonymous_13)","decl":{"start":{"line":438,"column":2},"end":{"line":438,"column":3}},"loc":{"start":{"line":438,"column":34},"end":{"line":459,"column":3}},"line":438},"14":{"name":"(anonymous_14)","decl":{"start":{"line":468,"column":2},"end":{"line":468,"column":3}},"loc":{"start":{"line":468,"column":30},"end":{"line":553,"column":3}},"line":468},"15":{"name":"(anonymous_15)","decl":{"start":{"line":561,"column":2},"end":{"line":561,"column":3}},"loc":{"start":{"line":561,"column":90},"end":{"line":704,"column":3}},"line":561},"16":{"name":"(anonymous_16)","decl":{"start":{"line":712,"column":2},"end":{"line":712,"column":3}},"loc":{"start":{"line":712,"column":57},"end":{"line":757,"column":3}},"line":712},"17":{"name":"(anonymous_17)","decl":{"start":{"line":766,"column":2},"end":{"line":766,"column":3}},"loc":{"start":{"line":766,"column":61},"end":{"line":803,"column":3}},"line":766},"18":{"name":"(anonymous_18)","decl":{"start":{"line":811,"column":2},"end":{"line":811,"column":3}},"loc":{"start":{"line":811,"column":27},"end":{"line":856,"column":3}},"line":811}},"branchMap":{"0":{"loc":{"start":{"line":105,"column":23},"end":{"line":105,"column":40}},"type":"default-arg","locations":[{"start":{"line":105,"column":36},"end":{"line":105,"column":40}}],"line":105},"1":{"loc":{"start":{"line":108,"column":4},"end":{"line":110,"column":5}},"type":"if","locations":[{"start":{"line":108,"column":4},"end":{"line":110,"column":5}},{"start":{"line":108,"column":4},"end":{"line":110,"column":5}}],"line":108},"2":{"loc":{"start":{"line":121,"column":4},"end":{"line":123,"column":5}},"type":"if","locations":[{"start":{"line":121,"column":4},"end":{"line":123,"column":5}},{"start":{"line":121,"column":4},"end":{"line":123,"column":5}}],"line":121},"3":{"loc":{"start":{"line":125,"column":4},"end":{"line":128,"column":5}},"type":"if","locations":[{"start":{"line":125,"column":4},"end":{"line":128,"column":5}},{"start":{"line":125,"column":4},"end":{"line":128,"column":5}}],"line":125},"4":{"loc":{"start":{"line":125,"column":7},"end":{"line":125,"column":57}},"type":"binary-expr","locations":[{"start":{"line":125,"column":7},"end":{"line":125,"column":30}},{"start":{"line":125,"column":34},"end":{"line":125,"column":57}}],"line":125},"5":{"loc":{"start":{"line":138,"column":6},"end":{"line":140,"column":7}},"type":"if","locations":[{"start":{"line":138,"column":6},"end":{"line":140,"column":7}},{"start":{"line":138,"column":6},"end":{"line":140,"column":7}}],"line":138},"6":{"loc":{"start":{"line":142,"column":6},"end":{"line":145,"column":7}},"type":"if","locations":[{"start":{"line":142,"column":6},"end":{"line":145,"column":7}},{"start":{"line":142,"column":6},"end":{"line":145,"column":7}}],"line":142},"7":{"loc":{"start":{"line":148,"column":4},"end":{"line":164,"column":5}},"type":"if","locations":[{"start":{"line":148,"column":4},"end":{"line":164,"column":5}},{"start":{"line":148,"column":4},"end":{"line":164,"column":5}}],"line":148},"8":{"loc":{"start":{"line":153,"column":9},"end":{"line":164,"column":5}},"type":"if","locations":[{"start":{"line":153,"column":9},"end":{"line":164,"column":5}},{"start":{"line":153,"column":9},"end":{"line":164,"column":5}}],"line":153},"9":{"loc":{"start":{"line":159,"column":19},"end":{"line":159,"column":55}},"type":"cond-expr","locations":[{"start":{"line":159,"column":45},"end":{"line":159,"column":50}},{"start":{"line":159,"column":53},"end":{"line":159,"column":55}}],"line":159},"10":{"loc":{"start":{"line":175,"column":4},"end":{"line":177,"column":5}},"type":"if","locations":[{"start":{"line":175,"column":4},"end":{"line":177,"column":5}},{"start":{"line":175,"column":4},"end":{"line":177,"column":5}}],"line":175},"11":{"loc":{"start":{"line":180,"column":4},"end":{"line":190,"column":5}},"type":"if","locations":[{"start":{"line":180,"column":4},"end":{"line":190,"column":5}},{"start":{"line":180,"column":4},"end":{"line":190,"column":5}}],"line":180},"12":{"loc":{"start":{"line":180,"column":7},"end":{"line":180,"column":49}},"type":"binary-expr","locations":[{"start":{"line":180,"column":7},"end":{"line":180,"column":26}},{"start":{"line":180,"column":30},"end":{"line":180,"column":49}}],"line":180},"13":{"loc":{"start":{"line":185,"column":22},"end":{"line":185,"column":108}},"type":"cond-expr","locations":[{"start":{"line":185,"column":59},"end":{"line":185,"column":93}},{"start":{"line":185,"column":96},"end":{"line":185,"column":108}}],"line":185},"14":{"loc":{"start":{"line":192,"column":4},"end":{"line":194,"column":5}},"type":"if","locations":[{"start":{"line":192,"column":4},"end":{"line":194,"column":5}},{"start":{"line":192,"column":4},"end":{"line":194,"column":5}}],"line":192},"15":{"loc":{"start":{"line":197,"column":4},"end":{"line":199,"column":5}},"type":"if","locations":[{"start":{"line":197,"column":4},"end":{"line":199,"column":5}},{"start":{"line":197,"column":4},"end":{"line":199,"column":5}}],"line":197},"16":{"loc":{"start":{"line":197,"column":7},"end":{"line":197,"column":55}},"type":"binary-expr","locations":[{"start":{"line":197,"column":7},"end":{"line":197,"column":25}},{"start":{"line":197,"column":29},"end":{"line":197,"column":55}}],"line":197},"17":{"loc":{"start":{"line":202,"column":4},"end":{"line":204,"column":5}},"type":"if","locations":[{"start":{"line":202,"column":4},"end":{"line":204,"column":5}},{"start":{"line":202,"column":4},"end":{"line":204,"column":5}}],"line":202},"18":{"loc":{"start":{"line":206,"column":4},"end":{"line":208,"column":5}},"type":"if","locations":[{"start":{"line":206,"column":4},"end":{"line":208,"column":5}},{"start":{"line":206,"column":4},"end":{"line":208,"column":5}}],"line":206},"19":{"loc":{"start":{"line":206,"column":7},"end":{"line":206,"column":48}},"type":"binary-expr","locations":[{"start":{"line":206,"column":7},"end":{"line":206,"column":23}},{"start":{"line":206,"column":27},"end":{"line":206,"column":48}}],"line":206},"20":{"loc":{"start":{"line":210,"column":4},"end":{"line":212,"column":5}},"type":"if","locations":[{"start":{"line":210,"column":4},"end":{"line":212,"column":5}},{"start":{"line":210,"column":4},"end":{"line":212,"column":5}}],"line":210},"21":{"loc":{"start":{"line":210,"column":7},"end":{"line":210,"column":49}},"type":"binary-expr","locations":[{"start":{"line":210,"column":7},"end":{"line":210,"column":26}},{"start":{"line":210,"column":30},"end":{"line":210,"column":49}}],"line":210},"22":{"loc":{"start":{"line":215,"column":4},"end":{"line":217,"column":5}},"type":"if","locations":[{"start":{"line":215,"column":4},"end":{"line":217,"column":5}},{"start":{"line":215,"column":4},"end":{"line":217,"column":5}}],"line":215},"23":{"loc":{"start":{"line":215,"column":7},"end":{"line":215,"column":55}},"type":"binary-expr","locations":[{"start":{"line":215,"column":7},"end":{"line":215,"column":25}},{"start":{"line":215,"column":29},"end":{"line":215,"column":55}}],"line":215},"24":{"loc":{"start":{"line":224,"column":4},"end":{"line":239,"column":5}},"type":"if","locations":[{"start":{"line":224,"column":4},"end":{"line":239,"column":5}},{"start":{"line":224,"column":4},"end":{"line":239,"column":5}}],"line":224},"25":{"loc":{"start":{"line":228,"column":8},"end":{"line":230,"column":9}},"type":"if","locations":[{"start":{"line":228,"column":8},"end":{"line":230,"column":9}},{"start":{"line":228,"column":8},"end":{"line":230,"column":9}}],"line":228},"26":{"loc":{"start":{"line":228,"column":11},"end":{"line":228,"column":47}},"type":"binary-expr","locations":[{"start":{"line":228,"column":11},"end":{"line":228,"column":31}},{"start":{"line":228,"column":35},"end":{"line":228,"column":47}}],"line":228},"27":{"loc":{"start":{"line":241,"column":4},"end":{"line":243,"column":5}},"type":"if","locations":[{"start":{"line":241,"column":4},"end":{"line":243,"column":5}},{"start":{"line":241,"column":4},"end":{"line":243,"column":5}}],"line":241},"28":{"loc":{"start":{"line":241,"column":7},"end":{"line":241,"column":68}},"type":"binary-expr","locations":[{"start":{"line":241,"column":7},"end":{"line":241,"column":23}},{"start":{"line":241,"column":27},"end":{"line":241,"column":44}},{"start":{"line":241,"column":48},"end":{"line":241,"column":68}}],"line":241},"29":{"loc":{"start":{"line":245,"column":4},"end":{"line":247,"column":5}},"type":"if","locations":[{"start":{"line":245,"column":4},"end":{"line":247,"column":5}},{"start":{"line":245,"column":4},"end":{"line":247,"column":5}}],"line":245},"30":{"loc":{"start":{"line":249,"column":4},"end":{"line":251,"column":5}},"type":"if","locations":[{"start":{"line":249,"column":4},"end":{"line":251,"column":5}},{"start":{"line":249,"column":4},"end":{"line":251,"column":5}}],"line":249},"31":{"loc":{"start":{"line":249,"column":7},"end":{"line":249,"column":49}},"type":"binary-expr","locations":[{"start":{"line":249,"column":7},"end":{"line":249,"column":26}},{"start":{"line":249,"column":30},"end":{"line":249,"column":49}}],"line":249},"32":{"loc":{"start":{"line":267,"column":6},"end":{"line":277,"column":7}},"type":"if","locations":[{"start":{"line":267,"column":6},"end":{"line":277,"column":7}},{"start":{"line":267,"column":6},"end":{"line":277,"column":7}}],"line":267},"33":{"loc":{"start":{"line":269,"column":8},"end":{"line":271,"column":9}},"type":"if","locations":[{"start":{"line":269,"column":8},"end":{"line":271,"column":9}},{"start":{"line":269,"column":8},"end":{"line":271,"column":9}}],"line":269},"34":{"loc":{"start":{"line":275,"column":11},"end":{"line":277,"column":7}},"type":"if","locations":[{"start":{"line":275,"column":11},"end":{"line":277,"column":7}},{"start":{"line":275,"column":11},"end":{"line":277,"column":7}}],"line":275},"35":{"loc":{"start":{"line":297,"column":6},"end":{"line":332,"column":7}},"type":"if","locations":[{"start":{"line":297,"column":6},"end":{"line":332,"column":7}},{"start":{"line":297,"column":6},"end":{"line":332,"column":7}}],"line":297},"36":{"loc":{"start":{"line":298,"column":8},"end":{"line":300,"column":9}},"type":"if","locations":[{"start":{"line":298,"column":8},"end":{"line":300,"column":9}},{"start":{"line":298,"column":8},"end":{"line":300,"column":9}}],"line":298},"37":{"loc":{"start":{"line":302,"column":8},"end":{"line":304,"column":9}},"type":"if","locations":[{"start":{"line":302,"column":8},"end":{"line":304,"column":9}},{"start":{"line":302,"column":8},"end":{"line":304,"column":9}}],"line":302},"38":{"loc":{"start":{"line":309,"column":11},"end":{"line":332,"column":7}},"type":"if","locations":[{"start":{"line":309,"column":11},"end":{"line":332,"column":7}},{"start":{"line":309,"column":11},"end":{"line":332,"column":7}}],"line":309},"39":{"loc":{"start":{"line":310,"column":8},"end":{"line":312,"column":9}},"type":"if","locations":[{"start":{"line":310,"column":8},"end":{"line":312,"column":9}},{"start":{"line":310,"column":8},"end":{"line":312,"column":9}}],"line":310},"40":{"loc":{"start":{"line":315,"column":23},"end":{"line":315,"column":47}},"type":"binary-expr","locations":[{"start":{"line":315,"column":23},"end":{"line":315,"column":38}},{"start":{"line":315,"column":42},"end":{"line":315,"column":47}}],"line":315},"41":{"loc":{"start":{"line":317,"column":11},"end":{"line":332,"column":7}},"type":"if","locations":[{"start":{"line":317,"column":11},"end":{"line":332,"column":7}},{"start":{"line":317,"column":11},"end":{"line":332,"column":7}}],"line":317},"42":{"loc":{"start":{"line":318,"column":8},"end":{"line":327,"column":9}},"type":"if","locations":[{"start":{"line":318,"column":8},"end":{"line":327,"column":9}},{"start":{"line":318,"column":8},"end":{"line":327,"column":9}}],"line":318},"43":{"loc":{"start":{"line":322,"column":13},"end":{"line":327,"column":9}},"type":"if","locations":[{"start":{"line":322,"column":13},"end":{"line":327,"column":9}},{"start":{"line":322,"column":13},"end":{"line":327,"column":9}}],"line":322},"44":{"loc":{"start":{"line":337,"column":4},"end":{"line":340,"column":5}},"type":"if","locations":[{"start":{"line":337,"column":4},"end":{"line":340,"column":5}},{"start":{"line":337,"column":4},"end":{"line":340,"column":5}}],"line":337},"45":{"loc":{"start":{"line":338,"column":22},"end":{"line":338,"column":108}},"type":"cond-expr","locations":[{"start":{"line":338,"column":59},"end":{"line":338,"column":93}},{"start":{"line":338,"column":96},"end":{"line":338,"column":108}}],"line":338},"46":{"loc":{"start":{"line":369,"column":4},"end":{"line":372,"column":5}},"type":"if","locations":[{"start":{"line":369,"column":4},"end":{"line":372,"column":5}},{"start":{"line":369,"column":4},"end":{"line":372,"column":5}}],"line":369},"47":{"loc":{"start":{"line":369,"column":7},"end":{"line":369,"column":71}},"type":"binary-expr","locations":[{"start":{"line":369,"column":8},"end":{"line":369,"column":18}},{"start":{"line":369,"column":22},"end":{"line":369,"column":44}},{"start":{"line":369,"column":49},"end":{"line":369,"column":71}}],"line":369},"48":{"loc":{"start":{"line":374,"column":11},"end":{"line":374,"column":45}},"type":"binary-expr","locations":[{"start":{"line":374,"column":11},"end":{"line":374,"column":20}},{"start":{"line":374,"column":24},"end":{"line":374,"column":45}}],"line":374},"49":{"loc":{"start":{"line":391,"column":28},"end":{"line":391,"column":42}},"type":"default-arg","locations":[{"start":{"line":391,"column":37},"end":{"line":391,"column":42}}],"line":391},"50":{"loc":{"start":{"line":392,"column":4},"end":{"line":403,"column":5}},"type":"if","locations":[{"start":{"line":392,"column":4},"end":{"line":403,"column":5}},{"start":{"line":392,"column":4},"end":{"line":403,"column":5}}],"line":392},"51":{"loc":{"start":{"line":396,"column":9},"end":{"line":403,"column":5}},"type":"if","locations":[{"start":{"line":396,"column":9},"end":{"line":403,"column":5}},{"start":{"line":396,"column":9},"end":{"line":403,"column":5}}],"line":396},"52":{"loc":{"start":{"line":397,"column":6},"end":{"line":400,"column":7}},"type":"if","locations":[{"start":{"line":397,"column":6},"end":{"line":400,"column":7}},{"start":{"line":397,"column":6},"end":{"line":400,"column":7}}],"line":3
[...]
,"type":"if","locations":[{"start":{"line":659,"column":8},"end":{"line":661,"column":9}},{"start":{"line":659,"column":8},"end":{"line":661,"column":9}}],"line":659},"85":{"loc":{"start":{"line":659,"column":11},"end":{"line":659,"column":50}},"type":"binary-expr","locations":[{"start":{"line":659,"column":11},"end":{"line":659,"column":37}},{"start":{"line":659,"column":41},"end":{"line":659,"column":50}}],"line":659},"86":{"loc":{"start":{"line":663,"column":8},"end":{"line":666,"column":9}},"type":"if","locations":[{"start":{"line":663,"column":8},"end":{"line":666,"column":9}},{"start":{"line":663,"column":8},"end":{"line":666,"column":9}}],"line":663},"87":{"loc":{"start":{"line":663,"column":11},"end":{"line":663,"column":46}},"type":"binary-expr","locations":[{"start":{"line":663,"column":11},"end":{"line":663,"column":19}},{"start":{"line":663,"column":23},"end":{"line":663,"column":46}}],"line":663},"88":{"loc":{"start":{"line":672,"column":21},"end":{"line":672,"column":109}},"type":"cond-expr","locations":[{"start":{"line":672,"column":68},"end":{"line":672,"column":94}},{"start":{"line":672,"column":97},"end":{"line":672,"column":109}}],"line":672},"89":{"loc":{"start":{"line":672,"column":21},"end":{"line":672,"column":65}},"type":"binary-expr","locations":[{"start":{"line":672,"column":21},"end":{"line":672,"column":28}},{"start":{"line":672,"column":32},"end":{"line":672,"column":65}}],"line":672},"90":{"loc":{"start":{"line":674,"column":17},"end":{"line":676,"column":23}},"type":"binary-expr","locations":[{"start":{"line":674,"column":17},"end":{"line":674,"column":57}},{"start":{"line":675,"column":11},"end":{"line":675,"column":51}},{"start":{"line":676,"column":11},"end":{"line":676,"column":23}}],"line":674},"91":{"loc":{"start":{"line":678,"column":6},"end":{"line":682,"column":7}},"type":"if","locations":[{"start":{"line":678,"column":6},"end":{"line":682,"column":7}},{"start":{"line":678,"column":6},"end":{"line":682,"column":7}}],"line":678},"92":{"loc":{"start":{"line":679,"column":15},"end":{"line":681,"column":53}},"type":"binary-expr","locations":[{"start":{"line":679,"column":15},"end":{"line":679,"column":27}},{"start":{"line":680,"column":13},"end":{"line":680,"column":53}},{"start":{"line":681,"column":13},"end":{"line":681,"column":53}}],"line":679},"93":{"loc":{"start":{"line":684,"column":6},"end":{"line":687,"column":7}},"type":"if","locations":[{"start":{"line":684,"column":6},"end":{"line":687,"column":7}},{"start":{"line":684,"column":6},"end":{"line":687,"column":7}}],"line":684},"94":{"loc":{"start":{"line":690,"column":6},"end":{"line":692,"column":7}},"type":"if","locations":[{"start":{"line":690,"column":6},"end":{"line":692,"column":7}},{"start":{"line":690,"column":6},"end":{"line":692,"column":7}}],"line":690},"95":{"loc":{"start":{"line":690,"column":9},"end":{"line":690,"column":32}},"type":"binary-expr","locations":[{"start":{"line":690,"column":9},"end":{"line":690,"column":23}},{"start":{"line":690,"column":27},"end":{"line":690,"column":32}}],"line":690},"96":{"loc":{"start":{"line":694,"column":6},"end":{"line":696,"column":7}},"type":"if","locations":[{"start":{"line":694,"column":6},"end":{"line":696,"column":7}},{"start":{"line":694,"column":6},"end":{"line":696,"column":7}}],"line":694},"97":{"loc":{"start":{"line":694,"column":9},"end":{"line":694,"column":71}},"type":"binary-expr","locations":[{"start":{"line":694,"column":9},"end":{"line":694,"column":36}},{"start":{"line":694,"column":40},"end":{"line":694,"column":71}}],"line":694},"98":{"loc":{"start":{"line":712,"column":42},"end":{"line":712,"column":55}},"type":"default-arg","locations":[{"start":{"line":712,"column":54},"end":{"line":712,"column":55}}],"line":712},"99":{"loc":{"start":{"line":720,"column":6},"end":{"line":726,"column":7}},"type":"if","locations":[{"start":{"line":720,"column":6},"end":{"line":726,"column":7}},{"start":{"line":720,"column":6},"end":{"line":726,"column":7}}],"line":720},"100":{"loc":{"start":{"line":729,"column":4},"end":{"line":732,"column":5}},"type":"if","locations":[{"start":{"line":729,"column":4},"end":{"line":732,"column":5}},{"start":{"line":729,"column":4},"end":{"line":732,"column":5}}],"line":729},"101":{"loc":{"start":{"line":734,"column":4},"end":{"line":737,"column":5}},"type":"if","locations":[{"start":{"line":734,"column":4},"end":{"line":737,"column":5}},{"start":{"line":734,"column":4},"end":{"line":737,"column":5}}],"line":734},"102":{"loc":{"start":{"line":741,"column":6},"end":{"line":751,"column":7}},"type":"if","locations":[{"start":{"line":741,"column":6},"end":{"line":751,"column":7}},{"start":{"line":741,"column":6},"end":{"line":751,"column":7}}],"line":741},"103":{"loc":{"start":{"line":744,"column":11},"end":{"line":751,"column":7}},"type":"if","locations":[{"start":{"line":744,"column":11},"end":{"line":751,"column":7}},{"start":{"line":744,"column":11},"end":{"line":751,"column":7}}],"line":744},"104":{"loc":{"start":{"line":754,"column":4},"end":{"line":756,"column":5}},"type":"if","locations":[{"start":{"line":754,"column":4},"end":{"line":756,"column":5}},{"start":{"line":754,"column":4},"end":{"line":756,"column":5}}],"line":754},"105":{"loc":{"start":{"line":766,"column":46},"end":{"line":766,"column":59}},"type":"default-arg","locations":[{"start":{"line":766,"column":58},"end":{"line":766,"column":59}}],"line":766},"106":{"loc":{"start":{"line":773,"column":6},"end":{"line":777,"column":7}},"type":"if","locations":[{"start":{"line":773,"column":6},"end":{"line":777,"column":7}},{"start":{"line":773,"column":6},"end":{"line":777,"column":7}}],"line":773},"107":{"loc":{"start":{"line":780,"column":4},"end":{"line":783,"column":5}},"type":"if","locations":[{"start":{"line":780,"column":4},"end":{"line":783,"column":5}},{"start":{"line":780,"column":4},"end":{"line":783,"column":5}}],"line":780},"108":{"loc":{"start":{"line":787,"column":6},"end":{"line":797,"column":7}},"type":"if","locations":[{"start":{"line":787,"column":6},"end":{"line":797,"column":7}},{"start":{"line":787,"column":6},"end":{"line":797,"column":7}}],"line":787},"109":{"loc":{"start":{"line":790,"column":11},"end":{"line":797,"column":7}},"type":"if","locations":[{"start":{"line":790,"column":11},"end":{"line":797,"column":7}},{"start":{"line":790,"column":11},"end":{"line":797,"column":7}}],"line":790},"110":{"loc":{"start":{"line":800,"column":4},"end":{"line":802,"column":5}},"type":"if","locations":[{"start":{"line":800,"column":4},"end":{"line":802,"column":5}},{"start":{"line":800,"column":4},"end":{"line":802,"column":5}}],"line":800},"111":{"loc":{"start":{"line":825,"column":6},"end":{"line":828,"column":7}},"type":"if","locations":[{"start":{"line":825,"column":6},"end":{"line":828,"column":7}},{"start":{"line":825,"column":6},"end":{"line":828,"column":7}}],"line":825},"112":{"loc":{"start":{"line":832,"column":6},"end":{"line":837,"column":7}},"type":"if","locations":[{"start":{"line":832,"column":6},"end":{"line":837,"column":7}},{"start":{"line":832,"column":6},"end":{"line":837,"column":7}}],"line":832},"113":{"loc":{"start":{"line":842,"column":18},"end":{"line":842,"column":43}},"type":"binary-expr","locations":[{"start":{"line":842,"column":18},"end":{"line":842,"column":37}},{"start":{"line":842,"column":41},"end":{"line":842,"column":43}}],"line":842},"114":{"loc":{"start":{"line":843,"column":18},"end":{"line":843,"column":43}},"type":"binary-expr","locations":[{"start":{"line":843,"column":18},"end":{"line":843,"column":37}},{"start":{"line":843,"column":41},"end":{"line":843,"column":43}}],"line":843},"115":{"loc":{"start":{"line":848,"column":8},"end":{"line":850,"column":12}},"type":"cond-expr","locations":[{"start":{"line":849,"column":10},"end":{"line":849,"column":40}},{"start":{"line":850,"column":10},"end":{"line":850,"column":12}}],"line":848}},"s":{"0":2,"1":2,"2":2,"3":2,"4":2,"5":2,"6":2,"7":2,"8":2,"9":6,"10":6,"11":6,"12":6,"13":6,"14":6,"15":6,"16":6,"17":6,"18":6,"19":6,"20":6,"21":6,"22":6,"23":6,"24":6,"25":6,"26":0,"27":0,"28":0,"29":0,"30":5,"31":5,"32":0,"33":0,"34":0,"35":0,"36":0,"37":0,"38":0,"39":0,"40":0,"41":0,"42":0,"43":0,"44":0,"45":0,"46":0,"47":0,"48":0,"49":0,"50":0,"51":0,"52":0,"53":0,"54":0,"55":0,"56":0,"57":0,"58":0,"59":0,"60":0,"61":12,"62":5,"63":7,"64":2,"65":2,"66":2,"67":2,"68":2,"69":2,"70":5,"71":0,"72":5,"73":5,"74":0,"75":5,"76":5,"77":1,"78":4,"79":0,"80":4,"81":0,"82":4,"83":4,"84":0,"85":4,"86":48,"87":4,"88":4,"89":0,"90":0,"91":0,"92":0,"93":0,"94":0,"95":0,"96":0,"97":4,"98":0,"99":4,"100":1,"101":3,"102":0,"103":3,"104":3,"105":3,"106":3,"107":4,"108":4,"109":3,"110":0,"111":3,"112":1,"113":1,"114":3,"115":10,"116":10,"117":10,"118":10,"119":10,"120":10,"121":10,"122":3,"123":3,"124":1,"125":0,"126":1,"127":0,"128":1,"129":1,"130":2,"131":1,"132":0,"133":1,"134":1,"135":1,"136":1,"137":0,"138":0,"139":1,"140":0,"141":0,"142":0,"143":0,"144":1,"145":1,"146":1,"147":10,"148":10,"149":2,"150":2,"151":10,"152":3,"153":3,"154":3,"155":3,"156":3,"157":3,"158":1,"159":1,"160":1,"161":0,"162":1,"163":1,"164":1,"165":0,"166":1,"167":0,"168":0,"169":0,"170":1,"171":1,"172":3,"173":2,"174":2,"175":0,"176":0,"177":2,"178":3,"179":3,"180":3,"181":3,"182":3,"183":3,"184":3,"185":2,"186":0,"187":0,"188":2,"189":2,"190":2,"191":2,"192":2,"193":2,"194":0,"195":0,"196":0,"197":2,"198":1,"199":2,"200":2,"201":2,"202":2,"203":2,"204":2,"205":2,"206":2,"207":2,"208":2,"209":2,"210":2,"211":2,"212":1,"213":1,"214":1,"215":0,"216":1,"217":1,"218":0,"219":1,"220":1,"221":1,"222":1,"223":1,"224":0,"225":0,"226":0,"227":0,"228":2,"229":2,"230":5,"231":5,"232":5,"233":5,"234":5,"235":5,"236":5,"237":5,"238":5,"239":5,"240":5,"241":5,"242":5,"243":5,"244":5,"245":5,"246":5,"247":5,"248":5,"249":5,"250":6,"251":6,"252":6,"253":0,"254":0,"255":6,"256":6,"257":6,"258":6,"259":0,"260":0,"261":0,"262":0,"263":0,"264":0,"265":6,"266":1,"267":1,"268":6,"269":6,"270":6,"271":6,"272":6,"273":2,"274":1,"275":2,"276":0,"277":2,"278":2,"279":2,"280":4,"281":6,"282":4,"283":4,"284":1,"285":4,"286":0,"287":2,"288":6,"289":6,"290":6,"291":2,"292":6,"293":0,"294":6,"295":2,"296":6,"297":2,"298":6,"299":6,"300":5,"301":5,"302":0,"303":0,"304":0,"305":0,"306":0,"307":0,"308":0,"309":0,"310":0,"311":0,"312":0,"313":0,"314":0,"315":0,"316":0,"317":0,"318":0,"319":0,"320":0,"321":0,"322":0,"323":0,"324":0,"325":0,"326":0,"327":0,"328":0,"329":0,"330":0,"331":0,"332":0,"333":12,"334":12,"335":12,"336":12,"337":12,"338":12,"339":93,"340":12,"341":12,"342":12,"343":12,"344":2,"345":2,"346":10,"347":10,"348":10,"349":103,"350":77,"351":26,"352":19,"353":19,"354":7,"355":7,"356":3,"357":3,"358":2,"359":2,"360":2,"361":2,"362":2,"363":2,"364":2,"365":2,"366":2,"367":1,"368":1,"369":1,"370":1,"371":0,"372":0,"373":1,"374":1,"375":1,"376":1,"377":1,"378":1,"379":1,"380":1,"381":1,"382":2,"383":2},"f":{"0":6,"1":0,"2":5,"3":0,"4":12,"5":48,"6":3,"7":10,"8":3,"9":1,"10":1,"11":1,"12":3,"13":3,"14":2,"15":5,"16":0,"17":12,"18":2},"b":{"0":[0],"1":[0,0],"2":[5,0],"3":[0,0],"4":[0,0],"5":[0,0],"6":[0,0],"7":[0,0],"8":[0,0],"9":[0,0],"10":[5,7],"11":[2,5],"12":[7,2],"13":[1,1],"14":[0,5],"15":[0,5],"16":[5,0],"17":[1,4],"18":[0,4],"19":[4,4],"20":[0,4],"21":[4,0],"22":[0,4],"23":[4,0],"24":[0,4],"25":[0,0],"26":[0,0],"27":[0,4],"28":[4,4,4],"29":[1,3],"30":[0,3],"31":[3,0],"32":[3,1],"33":[0,3],"34":[1,0],"35":[1,2],"36":[0,1],"37":[0,1],"38":[1,1],"39":[0,1],"40":[1,0],"41":[1,0],"42":[0,1],"43":[0,1],"44":[2,8],"45":[0,2],"46":[0,1],"47":[1,1,0],"48":[1,1],"49":[1],"50":[0,1],"51":[0,1],"52":[0,0],"53":[2,1],"54":[0,2],"55":[3,0],"56":[3,0],"57":[0,2],"58":[0,2],"59":[0,0],"60":[1,1],"61":[0,1],"62":[1,1,0],"63":[0,1],"64":[1,0],"65":[1,1],"66":[2,2],"67":[3],"68":[0,6],"69":[6,6],"70":[6,6],"71":[6,6],"72":[0,6],"73":[6,6],"74":[0,0],"75":[0,0],"76":[0,0],"77":[1,5],"78":[2,4],"79":[2,4],"80":[1,1],"81":[0,2],"82":[2,0],"83":[4,2],"84":[1,3],"85":[4,1],"86":[0,4],"87":[4,0],"88":[0,6],"89":[6,0],"90":[6,2,2],"91":[2,4],"92":[2,0,0],"93":[0,6],"94":[2,4],"95":[6,4],"96":[2,4],"97":[6,4],"98":[0],"99":[0,0],"100":[0,0],"101":[0,0],"102":[0,0],"103":[0,0],"104":[0,0],"105":[7],"106":[12,81],"107":[2,10],"108":[77,26],"109":[19,7],"110":[3,0],"111":[1,1],"112":[0,1],"113":[1,1],"114":[1,1],"115":[1,0]},"_coverageSchema":"1a1c01bbd47fc00a2c39e90264f33305004495a9","hash":"252edfea4f6c1b32ba1af439d68ab15b7a68d926"}
,"D:\\Self Taught\\JavaScript\\js-syntax-extension\\src\\Parsers\\FunctionParser.js": {"path":"D:\\Self Taught\\JavaScript\\js-syntax-extension\\src\\Parsers\\FunctionParser.js","statementMap":{"0":{"start":{"line":1,"column":28},"end":{"line":1,"column":68}},"1":{"start":{"line":7,"column":23},"end":{"line":101,"column":1}},"2":{"start":{"line":14,"column":27},"end":{"line":14,"column":60}},"3":{"start":{"line":17,"column":4},"end":{"line":17,"column":43}},"4":{"start":{"line":19,"column":4},"end":{"line":19,"column":26}},"5":{"start":{"line":28,"column":4},"end":{"line":28,"column":65}},"6":{"start":{"line":38,"column":24},"end":{"line":38,"column":55}},"7":{"start":{"line":42,"column":16},"end":{"line":42,"column":25}},"8":{"start":{"line":43,"column":4},"end":{"line":55,"column":5}},"9":{"start":{"line":44,"column":6},"end":{"line":47,"column":7}},"10":{"start":{"line":45,"column":8},"end":{"line":45,"column":34}},"11":{"start":{"line":46,"column":8},"end":{"line":46,"column":17}},"12":{"start":{"line":49,"column":25},"end":{"line":49,"column":63}},"13":{"start":{"line":50,"column":6},"end":{"line":52,"column":7}},"14":{"start":{"line":51,"column":8},"end":{"line":51,"column":21}},"15":{"start":{"line":54,"column":6},"end":{"line":54,"column":40}},"16":{"start":{"line":57,"column":21},"end":{"line":57,"column":23}},"17":{"start":{"line":58,"column":4},"end":{"line":60,"column":7}},"18":{"start":{"line":59,"column":6},"end":{"line":59,"column":66}},"19":{"start":{"line":62,"column":4},"end":{"line":62,"column":32}},"20":{"start":{"line":70,"column":4},"end":{"line":72,"column":5}},"21":{"start":{"line":71,"column":6},"end":{"line":71,"column":16}},"22":{"start":{"line":74,"column":23},"end":{"line":74,"column":26}},"23":{"start":{"line":76,"column":20},"end":{"line":76,"column":60}},"24":{"start":{"line":77,"column":4},"end":{"line":77,"column":60}},"25":{"start":{"line":77,"column":48},"end":{"line":77,"column":58}},"26":{"start":{"line":79,"column":4},"end":{"line":96,"column":5}},"27":{"start":{"line":79,"column":16},"end":{"line":79,"column":17}},"28":{"start":{"line":80,"column":6},"end":{"line":82,"column":7}},"29":{"start":{"line":81,"column":8},"end":{"line":81,"column":17}},"30":{"start":{"line":84,"column":19},"end":{"line":84,"column":46}},"31":{"start":{"line":87,"column":23},"end":{"line":87,"column":27}},"32":{"start":{"line":88,"column":6},"end":{"line":93,"column":7}},"33":{"start":{"line":89,"column":21},"end":{"line":89,"column":67}},"34":{"start":{"line":89,"column":56},"end":{"line":89,"column":66}},"35":{"start":{"line":90,"column":8},"end":{"line":90,"column":31}},"36":{"start":{"line":91,"column":29},"end":{"line":91,"column":36}},"37":{"start":{"line":92,"column":8},"end":{"line":92,"column":51}},"38":{"start":{"line":95,"column":6},"end":{"line":95,"column":111}},"39":{"start":{"line":98,"column":4},"end":{"line":98,"column":24}},"40":{"start":{"line":99,"column":4},"end":{"line":99,"column":24}},"41":{"start":{"line":103,"column":0},"end":{"line":103,"column":32}}},"fnMap":{"0":{"name":"(anonymous_0)","decl":{"start":{"line":13,"column":2},"end":{"line":13,"column":3}},"loc":{"start":{"line":13,"column":21},"end":{"line":20,"column":3}},"line":13},"1":{"name":"(anonymous_1)","decl":{"start":{"line":27,"column":2},"end":{"line":27,"column":3}},"loc":{"start":{"line":27,"column":44},"end":{"line":29,"column":3}},"line":27},"2":{"name":"(anonymous_2)","decl":{"start":{"line":36,"column":2},"end":{"line":36,"column":3}},"loc":{"start":{"line":36,"column":38},"end":{"line":63,"column":3}},"line":36},"3":{"name":"(anonymous_3)","decl":{"start":{"line":58,"column":18},"end":{"line":58,"column":19}},"loc":{"start":{"line":58,"column":26},"end":{"line":60,"column":5}},"line":58},"4":{"name":"(anonymous_4)","decl":{"start":{"line":69,"column":2},"end":{"line":69,"column":3}},"loc":{"start":{"line":69,"column":45},"end":{"line":100,"column":3}},"line":69},"5":{"name":"(anonymous_5)","decl":{"start":{"line":77,"column":41},"end":{"line":77,"column":42}},"loc":{"start":{"line":77,"column":48},"end":{"line":77,"column":58}},"line":77},"6":{"name":"(anonymous_6)","decl":{"start":{"line":89,"column":49},"end":{"line":89,"column":50}},"loc":{"start":{"line":89,"column":56},"end":{"line":89,"column":66}},"line":89}},"branchMap":{"0":{"loc":{"start":{"line":44,"column":6},"end":{"line":47,"column":7}},"type":"if","locations":[{"start":{"line":44,"column":6},"end":{"line":47,"column":7}},{"start":{"line":44,"column":6},"end":{"line":47,"column":7}}],"line":44},"1":{"loc":{"start":{"line":50,"column":6},"end":{"line":52,"column":7}},"type":"if","locations":[{"start":{"line":50,"column":6},"end":{"line":52,"column":7}},{"start":{"line":50,"column":6},"end":{"line":52,"column":7}}],"line":50},"2":{"loc":{"start":{"line":59,"column":20},"end":{"line":59,"column":65}},"type":"cond-expr","locations":[{"start":{"line":59,"column":46},"end":{"line":59,"column":50}},{"start":{"line":59,"column":53},"end":{"line":59,"column":65}}],"line":59},"3":{"loc":{"start":{"line":62,"column":11},"end":{"line":62,"column":31}},"type":"binary-expr","locations":[{"start":{"line":62,"column":11},"end":{"line":62,"column":21}},{"start":{"line":62,"column":25},"end":{"line":62,"column":31}}],"line":62},"4":{"loc":{"start":{"line":70,"column":4},"end":{"line":72,"column":5}},"type":"if","locations":[{"start":{"line":70,"column":4},"end":{"line":72,"column":5}},{"start":{"line":70,"column":4},"end":{"line":72,"column":5}}],"line":70},"5":{"loc":{"start":{"line":80,"column":6},"end":{"line":82,"column":7}},"type":"if","locations":[{"start":{"line":80,"column":6},"end":{"line":82,"column":7}},{"start":{"line":80,"column":6},"end":{"line":82,"column":7}}],"line":80},"6":{"loc":{"start":{"line":88,"column":6},"end":{"line":93,"column":7}},"type":"if","locations":[{"start":{"line":88,"column":6},"end":{"line":93,"column":7}},{"start":{"line":88,"column":6},"end":{"line":93,"column":7}}],"line":88},"7":{"loc":{"start":{"line":95,"column":42},"end":{"line":95,"column":69}},"type":"binary-expr","locations":[{"start":{"line":95,"column":42},"end":{"line":95,"column":46}},{"start":{"line":95,"column":50},"end":{"line":95,"column":60}},{"start":{"line":95,"column":64},"end":{"line":95,"column":69}}],"line":95},"8":{"loc":{"start":{"line":95,"column":72},"end":{"line":95,"column":108}},"type":"cond-expr","locations":[{"start":{"line":95,"column":99},"end":{"line":95,"column":103}},{"start":{"line":95,"column":106},"end":{"line":95,"column":108}}],"line":95}},"s":{"0":2,"1":2,"2":6,"3":6,"4":6,"5":2,"6":1,"7":1,"8":1,"9":1,"10":0,"11":0,"12":1,"13":1,"14":1,"15":0,"16":0,"17":0,"18":0,"19":0,"20":5,"21":0,"22":5,"23":5,"24":5,"25":7,"26":5,"27":5,"28":7,"29":2,"30":5,"31":5,"32":5,"33":1,"34":2,"35":1,"36":1,"37":1,"38":5,"39":5,"40":5,"41":2},"f":{"0":6,"1":2,"2":1,"3":0,"4":5,"5":7,"6":2},"b":{"0":[0,1],"1":[1,0],"2":[0,0],"3":[0,0],"4":[0,5],"5":[2,5],"6":[1,4],"7":[5,4,3],"8":[2,3]},"_coverageSchema":"1a1c01bbd47fc00a2c39e90264f33305004495a9","hash":"d112d9d517c8c9aa002fe00416d7deba0c049c57"}
,"D:\\Self Taught\\JavaScript\\js-syntax-extension\\src\\Parsers\\Types.js": {"path":"D:\\Self Taught\\JavaScript\\js-syntax-extension\\src\\Parsers\\Types.js","statementMap":{"0":{"start":{"line":6,"column":14},"end":{"line":18,"column":1}},"1":{"start":{"line":20,"column":0},"end":{"line":20,"column":23}}},"fnMap":{},"branchMap":{},"s":{"0":2,"1":2},"f":{},"b":{},"_coverageSchema":"1a1c01bbd47fc00a2c39e90264f33305004495a9","hash":"e09a18118a1a06cd5a9b08fac15ada7e5cab00b0"}
}
