TN:
SF:src\Checks\CheckForThisInConstructor.js
FN:13,(anonymous_0)
FNF:1
FNH:1
FNDA:1,(anonymous_0)
DA:1,2
DA:2,2
DA:8,2
DA:14,1
DA:17,1
DA:18,1
DA:20,1
DA:21,0
DA:22,0
DA:32,1
DA:33,1
DA:37,2
LF:12
LH:10
BRF:0
BRH:0
end_of_record
TN:
SF:src\Checks\KeywordOrderCheck.js
FN:13,(anonymous_0)
FN:30,(anonymous_1)
FNF:2
FNH:0
FNDA:0,(anonymous_0)
FNDA:0,(anonymous_1)
DA:1,2
DA:2,2
DA:8,2
DA:14,0
DA:15,0
DA:16,0
DA:19,0
DA:20,0
DA:21,0
DA:24,0
DA:25,0
DA:26,0
DA:31,0
DA:42,2
LF:14
LH:4
BRDA:15,0,0,0
BRDA:15,0,1,0
BRDA:20,1,0,0
BRDA:20,1,1,0
BRDA:25,2,0,0
BRDA:25,2,1,0
BRDA:38,3,0,0
BRDA:38,3,1,0
BRF:8
BRH:0
end_of_record
TN:
SF:src\Checks\StaticAccessorCheck.js
FN:14,(anonymous_0)
FN:19,(anonymous_1)
FNF:2
FNH:1
FNDA:5,(anonymous_0)
FNDA:0,(anonymous_1)
DA:1,2
DA:2,2
DA:9,2
DA:15,5
DA:16,5
DA:19,0
DA:20,0
DA:21,0
DA:24,0
DA:26,0
DA:27,0
DA:39,2
LF:12
LH:6
BRDA:15,0,0,5
BRDA:15,0,1,0
BRDA:20,1,0,0
BRDA:20,1,1,0
BRDA:26,2,0,0
BRDA:26,2,1,0
BRDA:34,3,0,0
BRDA:34,3,1,0
BRF:8
BRH:1
end_of_record
TN:
SF:src\Errors\ErrorTypes.js
FNF:0
FNH:0
DA:5,2
DA:11,2
LF:2
LH:2
BRF:0
BRH:0
end_of_record
TN:
SF:src\Parsers\ClassParser.js
FN:26,(anonymous_0)
FN:31,(anonymous_1)
FN:35,(anonymous_2)
FN:65,(anonymous_3)
FN:73,(anonymous_4)
FN:89,(anonymous_5)
FN:204,(anonymous_6)
FNF:7
FNH:6
FNDA:2,(anonymous_0)
FNDA:0,(anonymous_1)
FNDA:3,(anonymous_2)
FNDA:1,(anonymous_3)
FNDA:2,(anonymous_4)
FNDA:2,(anonymous_5)
FNDA:2,(anonymous_6)
DA:2,1
DA:4,1
DA:5,1
DA:7,1
DA:8,1
DA:10,1
DA:12,1
DA:14,1
DA:21,1
DA:27,2
DA:28,2
DA:36,3
DA:38,3
DA:39,0
DA:40,0
DA:43,3
DA:44,2
DA:46,1
DA:47,1
DA:49,0
DA:50,0
DA:53,0
DA:56,0
DA:57,0
DA:66,1
DA:74,2
DA:76,2
DA:77,2
DA:78,2
DA:81,0
DA:90,2
DA:91,2
DA:93,2
DA:94,2
DA:96,2
DA:97,2
DA:99,2
DA:100,2
DA:101,2
DA:103,2
DA:105,2
DA:106,2
DA:108,2
DA:109,2
DA:110,2
DA:111,2
DA:112,2
DA:114,2
DA:127,2
DA:129,2
DA:130,3
DA:131,3
DA:137,3
DA:138,0
DA:139,0
DA:142,3
DA:143,3
DA:145,3
DA:146,1
DA:147,1
DA:150,3
DA:151,3
DA:153,3
DA:154,3
DA:156,3
DA:157,2
DA:160,3
DA:161,3
DA:164,3
DA:165,0
DA:168,3
DA:170,3
DA:172,3
DA:176,3
DA:177,0
DA:182,3
DA:183,0
DA:186,3
DA:187,0
DA:190,3
DA:191,3
DA:194,2
DA:195,2
DA:205,2
DA:206,0
DA:209,2
DA:211,2
DA:212,2
DA:213,2
DA:214,2
DA:216,2
DA:218,2
DA:220,2
DA:222,2
DA:223,2
DA:225,2
DA:226,2
DA:228,2
DA:229,2
DA:231,2
DA:232,2
DA:233,2
DA:235,2
DA:236,2
DA:239,2
DA:240,2
DA:244,1
LF:107
LH:92
BRDA:36,0,0,3
BRDA:36,0,1,0
BRDA:36,1,0,3
BRDA:36,1,1,3
BRDA:38,2,0,0
BRDA:38,2,1,3
BRDA:43,3,0,2
BRDA:43,3,1,1
BRDA:46,4,0,1
BRDA:46,4,1,0
BRDA:49,5,0,0
BRDA:49,5,1,0
BRDA:56,6,0,0
BRDA:56,6,1,0
BRDA:76,7,0,2
BRDA:76,7,1,0
BRDA:137,8,0,0
BRDA:137,8,1,3
BRDA:142,9,0,3
BRDA:142,9,1,0
BRDA:143,10,0,3
BRDA:143,10,1,0
BRDA:145,11,0,1
BRDA:145,11,1,2
BRDA:154,12,0,3
BRDA:154,12,1,0
BRDA:156,13,0,2
BRDA:156,13,1,1
BRDA:164,14,0,0
BRDA:164,14,1,3
BRDA:170,15,0,0
BRDA:170,15,1,3
BRDA:170,16,0,3
BRDA:170,16,1,0
BRDA:172,17,0,3
BRDA:172,17,1,3
BRDA:172,17,2,3
BRDA:176,18,0,0
BRDA:176,18,1,3
BRDA:182,19,0,0
BRDA:182,19,1,3
BRDA:182,20,0,3
BRDA:182,20,1,3
BRDA:186,21,0,0
BRDA:186,21,1,3
BRDA:205,22,0,0
BRDA:205,22,1,2
BRDA:225,23,0,2
BRDA:225,23,1,0
BRDA:226,24,0,2
BRDA:226,24,1,1
BRDA:232,25,0,2
BRDA:232,25,1,0
BRF:53
BRH:32
end_of_record
TN:
SF:src\Parsers\EnumParser.js
FN:16,(anonymous_0)
FN:43,(anonymous_1)
FN:51,(anonymous_2)
FN:55,(anonymous_3)
FN:65,(anonymous_4)
FN:74,(anonymous_5)
FN:164,(anonymous_6)
FN:172,(anonymous_7)
FNF:8
FNH:7
FNDA:6,(anonymous_0)
FNDA:1,(anonymous_1)
FNDA:2,(anonymous_2)
FNDA:2,(anonymous_3)
FNDA:2,(anonymous_4)
FNDA:2,(anonymous_5)
FNDA:0,(anonymous_6)
FNDA:1,(anonymous_7)
DA:1,2
DA:2,2
DA:4,2
DA:10,2
DA:17,6
DA:20,6
DA:26,6
DA:32,6
DA:35,6
DA:38,6
DA:40,6
DA:44,1
DA:52,2
DA:56,2
DA:58,2
DA:59,2
DA:60,2
DA:62,2
DA:66,2
DA:68,2
DA:69,2
DA:71,2
DA:75,2
DA:76,2
DA:78,2
DA:79,2
DA:81,2
DA:82,2
DA:83,2
DA:84,2
DA:85,2
DA:87,2
DA:88,2
DA:90,2
DA:91,2
DA:92,2
DA:93,2
DA:94,2
DA:95,2
DA:97,2
DA:112,2
DA:114,2
DA:115,4
DA:117,4
DA:118,0
DA:119,0
DA:122,4
DA:123,4
DA:124,4
DA:126,4
DA:127,0
DA:128,0
DA:130,0
DA:133,4
DA:134,0
DA:135,0
DA:137,0
DA:140,4
DA:141,0
DA:143,0
DA:146,4
DA:148,4
DA:149,4
DA:150,4
DA:152,4
DA:153,0
DA:154,0
DA:157,4
DA:160,2
DA:161,2
DA:165,0
DA:173,1
DA:174,1
DA:176,1
DA:178,1
DA:179,0
DA:189,1
DA:190,1
DA:191,1
DA:192,1
DA:193,1
DA:194,1
DA:196,1
DA:197,1
DA:198,1
DA:199,1
DA:200,1
DA:201,1
DA:203,1
DA:207,2
LF:90
LH:76
BRDA:117,0,0,0
BRDA:117,0,1,4
BRDA:122,1,0,4
BRDA:122,1,1,0
BRDA:123,2,0,4
BRDA:123,2,1,0
BRDA:124,3,0,4
BRDA:124,3,1,0
BRDA:126,4,0,0
BRDA:126,4,1,4
BRDA:126,5,0,4
BRDA:126,5,1,4
BRDA:126,5,2,4
BRDA:133,6,0,0
BRDA:133,6,1,4
BRDA:133,7,0,4
BRDA:133,7,1,4
BRDA:140,8,0,0
BRDA:140,8,1,4
BRDA:148,9,0,0
BRDA:148,9,1,4
BRDA:152,10,0,0
BRDA:152,10,1,4
BRDA:153,11,0,0
BRDA:153,11,1,0
BRDA:164,12,0,0
BRDA:178,13,0,0
BRDA:178,13,1,1
BRF:28
BRH:15
end_of_record
TN:
SF:src\Parsers\FileParser.js
FN:23,(anonymous_0)
FN:105,(anonymous_1)
FN:120,(anonymous_2)
FN:130,(anonymous_3)
FN:174,(anonymous_4)
FN:220,(anonymous_5)
FN:261,(anonymous_6)
FN:283,(anonymous_7)
FN:351,(anonymous_8)
FN:365,(anonymous_9)
FN:381,(anonymous_10)
FN:391,(anonymous_11)
FN:415,(anonymous_12)
FN:438,(anonymous_13)
FN:468,(anonymous_14)
FN:561,(anonymous_15)
FN:712,(anonymous_16)
FN:766,(anonymous_17)
FN:811,(anonymous_18)
FNF:19
FNH:16
FNDA:6,(anonymous_0)
FNDA:0,(anonymous_1)
FNDA:5,(anonymous_2)
FNDA:0,(anonymous_3)
FNDA:12,(anonymous_4)
FNDA:48,(anonymous_5)
FNDA:3,(anonymous_6)
FNDA:10,(anonymous_7)
FNDA:3,(anonymous_8)
FNDA:1,(anonymous_9)
FNDA:1,(anonymous_10)
FNDA:1,(anonymous_11)
FNDA:3,(anonymous_12)
FNDA:3,(anonymous_13)
FNDA:2,(anonymous_14)
FNDA:5,(anonymous_15)
FNDA:0,(anonymous_16)
FNDA:12,(anonymous_17)
FNDA:2,(anonymous_18)
DA:2,2
DA:4,2
DA:5,2
DA:7,2
DA:8,2
DA:10,2
DA:11,2
DA:13,2
DA:19,2
DA:24,6
DA:30,6
DA:36,6
DA:42,6
DA:47,6
DA:52,6
DA:57,6
DA:62,6
DA:65,6
DA:68,6
DA:71,6
DA:74,6
DA:77,6
DA:83,6
DA:89,6
DA:94,6
DA:96,6
DA:106,0
DA:108,0
DA:109,0
DA:112,0
DA:121,5
DA:122,5
DA:125,0
DA:126,0
DA:127,0
DA:130,0
DA:132,0
DA:136,0
DA:137,0
DA:138,0
DA:139,0
DA:142,0
DA:143,0
DA:144,0
DA:148,0
DA:149,0
DA:150,0
DA:151,0
DA:153,0
DA:154,0
DA:155,0
DA:156,0
DA:157,0
DA:158,0
DA:159,0
DA:162,0
DA:163,0
DA:166,0
DA:175,12
DA:176,5
DA:180,7
DA:181,2
DA:182,2
DA:183,2
DA:185,2
DA:186,2
DA:189,2
DA:192,5
DA:193,0
DA:196,5
DA:197,5
DA:198,0
DA:201,5
DA:202,5
DA:203,1
DA:206,4
DA:207,0
DA:210,4
DA:211,0
DA:214,4
DA:215,4
DA:216,0
DA:219,4
DA:220,48
DA:223,4
DA:224,4
DA:225,0
DA:226,0
DA:227,0
DA:228,0
DA:229,0
DA:232,0
DA:235,0
DA:238,0
DA:241,4
DA:242,0
DA:245,4
DA:246,1
DA:249,3
DA:250,0
DA:253,3
DA:262,3
DA:264,3
DA:265,3
DA:266,4
DA:267,4
DA:269,3
DA:270,0
DA:273,3
DA:275,1
DA:276,1
DA:280,3
DA:284,10
DA:287,10
DA:288,10
DA:289,10
DA:290,10
DA:291,10
DA:295,10
DA:296,3
DA:297,3
DA:298,1
DA:299,0
DA:302,1
DA:303,0
DA:306,1
DA:307,1
DA:309,2
DA:310,1
DA:311,0
DA:314,1
DA:315,1
DA:317,1
DA:318,1
DA:319,0
DA:320,0
DA:322,1
DA:323,0
DA:324,0
DA:325,0
DA:326,0
DA:329,1
DA:330,1
DA:331,1
DA:335,10
DA:337,10
DA:338,2
DA:339,2
DA:342,10
DA:352,3
DA:353,3
DA:354,3
DA:355,3
DA:356,3
DA:357,3
DA:366,1
DA:367,1
DA:369,1
DA:370,0
DA:374,1
DA:382,1
DA:392,1
DA:393,0
DA:396,1
DA:397,0
DA:398,0
DA:402,0
DA:405,1
DA:406,1
DA:416,3
DA:418,2
DA:419,2
DA:420,0
DA:421,0
DA:426,2
DA:430,3
DA:439,3
DA:440,3
DA:441,3
DA:443,3
DA:446,3
DA:447,3
DA:448,2
DA:449,0
DA:451,0
DA:454,2
DA:455,2
DA:456,2
DA:469,2
DA:470,2
DA:472,2
DA:473,0
DA:474,0
DA:479,0
DA:482,2
DA:483,1
DA:486,2
DA:487,2
DA:489,2
DA:490,2
DA:492,2
DA:493,2
DA:495,2
DA:496,2
DA:497,2
DA:498,2
DA:500,2
DA:511,2
DA:512,2
DA:513,1
DA:517,1
DA:519,1
DA:520,0
DA:523,1
DA:529,1
DA:530,0
DA:534,1
DA:536,1
DA:537,1
DA:541,1
DA:542,1
DA:545,0
DA:546,0
DA:547,0
DA:548,0
DA:551,2
DA:552,2
DA:562,5
DA:563,5
DA:565,5
DA:566,5
DA:568,5
DA:569,5
DA:570,5
DA:571,5
DA:572,5
DA:574,5
DA:575,5
DA:577,5
DA:578,5
DA:579,5
DA:580,5
DA:581,5
DA:582,5
DA:584,5
DA:596,5
DA:598,5
DA:599,6
DA:600,6
DA:606,6
DA:607,0
DA:608,0
DA:611,6
DA:612,6
DA:613,6
DA:615,6
DA:617,0
DA:618,0
DA:619,0
DA:620,0
DA:622,0
DA:623,0
DA:627,6
DA:628,1
DA:629,1
DA:632,6
DA:633,6
DA:634,6
DA:635,6
DA:636,6
DA:638,2
DA:639,1
DA:642,2
DA:643,0
DA:645,2
DA:646,2
DA:650,2
DA:653,4
DA:656,6
DA:657,4
DA:659,4
DA:660,1
DA:663,4
DA:665,0
DA:669,2
DA:672,6
DA:674,6
DA:678,6
DA:679,2
DA:684,6
DA:685,0
DA:690,6
DA:691,2
DA:694,6
DA:695,2
DA:698,6
DA:699,6
DA:702,5
DA:703,5
DA:713,0
DA:714,0
DA:715,0
DA:716,0
DA:717,0
DA:719,0
DA:720,0
DA:721,0
DA:722,0
DA:723,0
DA:724,0
DA:725,0
DA:729,0
DA:730,0
DA:731,0
DA:734,0
DA:735,0
DA:736,0
DA:739,0
DA:740,0
DA:741,0
DA:742,0
DA:744,0
DA:745,0
DA:746,0
DA:749,0
DA:750,0
DA:754,0
DA:755,0
DA:767,12
DA:768,12
DA:769,12
DA:770,12
DA:772,12
DA:773,93
DA:774,12
DA:775,12
DA:776,12
DA:780,12
DA:781,2
DA:782,2
DA:785,10
DA:786,10
DA:787,103
DA:788,77
DA:790,26
DA:791,19
DA:792,19
DA:795,7
DA:796,7
DA:800,3
DA:801,3
DA:812,2
DA:815,2
DA:816,2
DA:817,2
DA:818,2
DA:820,2
DA:822,2
DA:823,2
DA:825,2
DA:826,1
DA:827,1
DA:830,1
DA:832,1
DA:833,0
DA:834,0
DA:839,1
DA:840,1
DA:842,1
DA:843,1
DA:845,1
DA:846,1
DA:847,1
DA:851,1
DA:852,1
DA:855,2
DA:859,2
LF:377
LH:262
BRDA:105,0,0,0
BRDA:108,1,0,0
BRDA:108,1,1,0
BRDA:121,2,0,5
BRDA:121,2,1,0
BRDA:125,3,0,0
BRDA:125,3,1,0
BRDA:125,4,0,0
BRDA:125,4,1,0
BRDA:138,5,0,0
BRDA:138,5,1,0
BRDA:142,6,0,0
BRDA:142,6,1,0
BRDA:148,7,0,0
BRDA:148,7,1,0
BRDA:153,8,0,0
BRDA:153,8,1,0
BRDA:159,9,0,0
BRDA:159,9,1,0
BRDA:175,10,0,5
BRDA:175,10,1,7
BRDA:180,11,0,2
BRDA:180,11,1,5
BRDA:180,12,0,7
BRDA:180,12,1,2
BRDA:185,13,0,1
BRDA:185,13,1,1
BRDA:192,14,0,0
BRDA:192,14,1,5
BRDA:197,15,0,0
BRDA:197,15,1,5
BRDA:197,16,0,5
BRDA:197,16,1,0
BRDA:202,17,0,1
BRDA:202,17,1,4
BRDA:206,18,0,0
BRDA:206,18,1,4
BRDA:206,19,0,4
BRDA:206,19,1,4
BRDA:210,20,0,0
BRDA:210,20,1,4
BRDA:210,21,0,4
BRDA:210,21,1,0
BRDA:215,22,0,0
BRDA:215,22,1,4
BRDA:215,23,0,4
BRDA:215,23,1,0
BRDA:224,24,0,0
BRDA:224,24,1,4
BRDA:228,25,0,0
BRDA:228,25,1,0
BRDA:228,26,0,0
BRDA:228,26,1,0
BRDA:241,27,0,0
BRDA:241,27,1,4
BRDA:241,28,0,4
BRDA:241,28,1,4
BRDA:241,28,2,4
BRDA:245,29,0,1
BRDA:245,29,1,3
BRDA:249,30,0,0
BRDA:249,30,1,3
BRDA:249,31,0,3
BRDA:249,31,1,0
BRDA:267,32,0,3
BRDA:267,32,1,1
BRDA:269,33,0,0
BRDA:269,33,1,3
BRDA:275,34,0,1
BRDA:275,34,1,0
BRDA:297,35,0,1
BRDA:297,35,1,2
BRDA:298,36,0,0
BRDA:298,36,1,1
BRDA:302,37,0,0
BRDA:302,37,1,1
BRDA:309,38,0,1
BRDA:309,38,1,1
BRDA:310,39,0,0
BRDA:310,39,1,1
BRDA:315,40,0,1
BRDA:315,40,1,0
BRDA:317,41,0,1
BRDA:317,41,1,0
BRDA:318,42,0,0
BRDA:318,42,1,1
BRDA:322,43,0,0
BRDA:322,43,1,1
BRDA:337,44,0,2
BRDA:337,44,1,8
BRDA:338,45,0,0
BRDA:338,45,1,2
BRDA:369,46,0,0
BRDA:369,46,1,1
BRDA:369,47,0,1
BRDA:369,47,1,1
BRDA:369,47,2,0
BRDA:374,48,0,1
BRDA:374,48,1,1
BRDA:391,49,0,1
BRDA:392,50,0,0
BRDA:392,50,1,1
BRDA:396,51,0,0
BRDA:396,51,1,1
BRDA:397,52,0,0
BRDA:397,52,1,0
BRDA:416,53,0,2
BRDA:416,53,1,1
BRDA:419,54,0,0
BRDA:419,54,1,2
BRDA:430,55,0,3
BRDA:430,55,1,0
BRDA:439,56,0,3
BRDA:439,56,1,0
BRDA:448,57,0,0
BRDA:448,57,1,2
BRDA:472,58,0,0
BRDA:472,58,1,2
BRDA:473,59,0,0
BRDA:473,59,1,0
BRDA:482,60,0,1
BRDA:482,60,1,1
BRDA:519,61,0,0
BRDA:519,61,1,1
BRDA:523,62,0,1
BRDA:523,62,1,1
BRDA:523,62,2,0
BRDA:529,63,0,0
BRDA:529,63,1,1
BRDA:536,64,0,1
BRDA:536,64,1,0
BRDA:536,65,0,1
BRDA:536,65,1,1
BRDA:552,66,0,2
BRDA:552,66,1,2
BRDA:561,67,0,3
BRDA:606,68,0,0
BRDA:606,68,1,6
BRDA:611,69,0,6
BRDA:611,69,1,6
BRDA:612,70,0,6
BRDA:612,70,1,6
BRDA:613,71,0,6
BRDA:613,71,1,6
BRDA:615,72,0,0
BRDA:615,72,1,6
BRDA:615,73,0,6
BRDA:615,73,1,6
BRDA:618,74,0,0
BRDA:618,74,1,0
BRDA:618,75,0,0
BRDA:618,75,1,0
BRDA:622,76,0,0
BRDA:622,76,1,0
BRDA:627,77,0,1
BRDA:627,77,1,5
BRDA:632,78,0,2
BRDA:632,78,1,4
BRDA:636,79,0,2
BRDA:636,79,1,4
BRDA:638,80,0,1
BRDA:638,80,1,1
BRDA:642,81,0,0
BRDA:642,81,1,2
BRDA:645,82,0,2
BRDA:645,82,1,0
BRDA:656,83,0,4
BRDA:656,83,1,2
BRDA:659,84,0,1
BRDA:659,84,1,3
BRDA:659,85,0,4
BRDA:659,85,1,1
BRDA:663,86,0,0
BRDA:663,86,1,4
BRDA:663,87,0,4
BRDA:663,87,1,0
BRDA:672,88,0,0
BRDA:672,88,1,6
BRDA:672,89,0,6
BRDA:672,89,1,0
BRDA:674,90,0,6
BRDA:674,90,1,2
BRDA:674,90,2,2
BRDA:678,91,0,2
BRDA:678,91,1,4
BRDA:679,92,0,2
BRDA:679,92,1,0
BRDA:679,92,2,0
BRDA:684,93,0,0
BRDA:684,93,1,6
BRDA:690,94,0,2
BRDA:690,94,1,4
BRDA:690,95,0,6
BRDA:690,95,1,4
BRDA:694,96,0,2
BRDA:694,96,1,4
BRDA:694,97,0,6
BRDA:694,97,1,4
BRDA:712,98,0,0
BRDA:720,99,0,0
BRDA:720,99,1,0
BRDA:729,100,0,0
BRDA:729,100,1,0
BRDA:734,101,0,0
BRDA:734,101,1,0
BRDA:741,102,0,0
BRDA:741,102,1,0
BRDA:744,103,0,0
BRDA:744,103,1,0
BRDA:754,104,0,0
BRDA:754,104,1,0
BRDA:766,105,0,7
BRDA:773,106,0,12
BRDA:773,106,1,81
BRDA:780,107,0,2
BRDA:780,107,1,10
BRDA:787,108,0,77
BRDA:787,108,1,26
BRDA:790,109,0,19
BRDA:790,109,1,7
BRDA:800,110,0,3
BRDA:800,110,1,0
BRDA:825,111,0,1
BRDA:825,111,1,1
BRDA:832,112,0,0
BRDA:832,112,1,1
BRDA:842,113,0,1
BRDA:842,113,1,1
BRDA:843,114,0,1
BRDA:843,114,1,1
BRDA:848,115,0,1
BRDA:848,115,1,0
BRF:232
BRH:138
end_of_record
TN:
SF:src\Parsers\FunctionParser.js
FN:13,(anonymous_0)
FN:27,(anonymous_1)
FN:36,(anonymous_2)
FN:58,(anonymous_3)
FN:69,(anonymous_4)
FN:77,(anonymous_5)
FN:89,(anonymous_6)
FNF:7
FNH:6
FNDA:6,(anonymous_0)
FNDA:2,(anonymous_1)
FNDA:1,(anonymous_2)
FNDA:0,(anonymous_3)
FNDA:5,(anonymous_4)
FNDA:7,(anonymous_5)
FNDA:2,(anonymous_6)
DA:1,2
DA:7,2
DA:14,6
DA:17,6
DA:19,6
DA:28,2
DA:38,1
DA:42,1
DA:43,1
DA:44,1
DA:45,0
DA:46,0
DA:49,1
DA:50,1
DA:51,1
DA:54,0
DA:57,0
DA:58,0
DA:59,0
DA:62,0
DA:70,5
DA:71,0
DA:74,5
DA:76,5
DA:77,7
DA:79,5
DA:80,7
DA:81,2
DA:84,5
DA:87,5
DA:88,5
DA:89,2
DA:90,1
DA:91,1
DA:92,1
DA:95,5
DA:98,5
DA:99,5
DA:103,2
LF:39
LH:31
BRDA:44,0,0,0
BRDA:44,0,1,1
BRDA:50,1,0,1
BRDA:50,1,1,0
BRDA:59,2,0,0
BRDA:59,2,1,0
BRDA:62,3,0,0
BRDA:62,3,1,0
BRDA:70,4,0,0
BRDA:70,4,1,5
BRDA:80,5,0,2
BRDA:80,5,1,5
BRDA:88,6,0,1
BRDA:88,6,1,4
BRDA:95,7,0,5
BRDA:95,7,1,4
BRDA:95,7,2,3
BRDA:95,8,0,2
BRDA:95,8,1,3
BRF:19
BRH:12
end_of_record
TN:
SF:src\Parsers\Types.js
FNF:0
FNH:0
DA:6,2
DA:20,2
LF:2
LH:2
BRF:0
BRH:0
end_of_record
